2026-03-06T18:42:13 | INFO     | ai_service | Database connection pool opened.
2026-03-06T18:42:13 | WARNING  | ai_service | Model file not found at 'models/price_model.pkl'. Predictions will use rule-based fallback until train_model.py is run.
2026-03-06T18:42:13 | INFO     | ai_service | Price model ready — loaded=False  path=models/price_model.pkl
2026-03-06T18:42:14 | INFO     | ai_service | Supabase public tables (41): ['activity_logs', 'bookings', 'cache', 'cache_locks', 'driver_earnings', 'driver_payouts', 'driver_wallets', 'drivers', 'exports', 'failed_import_rows', 'failed_jobs', 'fraud_flags', 'imports', 'job_batches', 'jobs', 'ledger_accounts', 'ledger_entries', 'ledger_transactions', 'managers', 'migrations', 'mobile_users', 'model_has_permissions', 'model_has_roles', 'notifications', 'password_reset_tokens', 'payments', 'payments_v2', 'permissions', 'personal_access_tokens', 'platform_commissions', 'reviews', 'rides', 'role_has_permissions', 'roles', 'sessions', 'tickets', 'trips', 'user_notifications', 'users', 'vehicles', 'vehicles_v2']
2026-03-06T18:42:16 | INFO     | ai_service | GET / → 200  (6.6 ms)
2026-03-06T18:42:18 | INFO     | ai_service | Database connection pool opened.
2026-03-06T18:42:18 | WARNING  | ai_service | Model file not found at 'models/price_model.pkl'. Predictions will use rule-based fallback until train_model.py is run.
2026-03-06T18:42:18 | INFO     | ai_service | Price model ready — loaded=False  path=models/price_model.pkl
2026-03-06T18:42:19 | INFO     | ai_service | Supabase public tables (41): ['activity_logs', 'bookings', 'cache', 'cache_locks', 'driver_earnings', 'driver_payouts', 'driver_wallets', 'drivers', 'exports', 'failed_import_rows', 'failed_jobs', 'fraud_flags', 'imports', 'job_batches', 'jobs', 'ledger_accounts', 'ledger_entries', 'ledger_transactions', 'managers', 'migrations', 'mobile_users', 'model_has_permissions', 'model_has_roles', 'notifications', 'password_reset_tokens', 'payments', 'payments_v2', 'permissions', 'personal_access_tokens', 'platform_commissions', 'reviews', 'rides', 'role_has_permissions', 'roles', 'sessions', 'tickets', 'trips', 'user_notifications', 'users', 'vehicles', 'vehicles_v2']
2026-03-06T18:42:28 | INFO     | ai_service | GET / → 200  (1.2 ms)
2026-03-06T18:42:47 | INFO     | ai_service | GET / → 200  (1.1 ms)
2026-03-06T18:43:17 | INFO     | ai_service | GET / → 200  (7.8 ms)
2026-03-06T18:43:47 | INFO     | ai_service | GET / → 200  (1.5 ms)
2026-03-06T18:44:17 | INFO     | ai_service | GET / → 200  (1.1 ms)
2026-03-06T18:44:47 | INFO     | ai_service | GET / → 200  (1.3 ms)
2026-03-06T18:45:16 | INFO     | ai_service | GET / → 200  (1.5 ms)
2026-03-06T18:45:17 | INFO     | ai_service | GET / → 200  (1.0 ms)
2026-03-06T18:45:17 | INFO     | ai_service | GET /health → 200  (888.6 ms)
2026-03-06T18:45:47 | INFO     | ai_service | GET / → 200  (1.7 ms)
2026-03-06T18:46:05 | INFO     | ai_service | Database connection pool closed.
2026-03-06T18:46:05 | INFO     | ai_service | Database connection pool closed.
2026-03-06T18:46:11 | INFO     | ai_service | Database connection pool opened.
2026-03-06T18:46:13 | INFO     | ai_service | Database connection pool opened.
2026-03-06T18:46:14 | INFO     | ai_service | Model loaded from models/price_model.pkl
2026-03-06T18:46:14 | INFO     | ai_service | Price model ready — loaded=True  path=models/price_model.pkl
2026-03-06T18:46:15 | INFO     | ai_service | Model loaded from models/price_model.pkl
2026-03-06T18:46:15 | INFO     | ai_service | Price model ready — loaded=True  path=models/price_model.pkl
2026-03-06T18:46:15 | INFO     | ai_service | Supabase public tables (41): ['activity_logs', 'bookings', 'cache', 'cache_locks', 'driver_earnings', 'driver_payouts', 'driver_wallets', 'drivers', 'exports', 'failed_import_rows', 'failed_jobs', 'fraud_flags', 'imports', 'job_batches', 'jobs', 'ledger_accounts', 'ledger_entries', 'ledger_transactions', 'managers', 'migrations', 'mobile_users', 'model_has_permissions', 'model_has_roles', 'notifications', 'password_reset_tokens', 'payments', 'payments_v2', 'permissions', 'personal_access_tokens', 'platform_commissions', 'reviews', 'rides', 'role_has_permissions', 'roles', 'sessions', 'tickets', 'trips', 'user_notifications', 'users', 'vehicles', 'vehicles_v2']
2026-03-06T18:46:16 | INFO     | ai_service | Supabase public tables (41): ['activity_logs', 'bookings', 'cache', 'cache_locks', 'driver_earnings', 'driver_payouts', 'driver_wallets', 'drivers', 'exports', 'failed_import_rows', 'failed_jobs', 'fraud_flags', 'imports', 'job_batches', 'jobs', 'ledger_accounts', 'ledger_entries', 'ledger_transactions', 'managers', 'migrations', 'mobile_users', 'model_has_permissions', 'model_has_roles', 'notifications', 'password_reset_tokens', 'payments', 'payments_v2', 'permissions', 'personal_access_tokens', 'platform_commissions', 'reviews', 'rides', 'role_has_permissions', 'roles', 'sessions', 'tickets', 'trips', 'user_notifications', 'users', 'vehicles', 'vehicles_v2']
2026-03-06T18:46:16 | INFO     | ai_service | GET / → 200  (3.5 ms)
2026-03-06T18:46:38 | INFO     | ai_service | GET /health → 200  (1064.4 ms)
2026-03-06T18:46:46 | INFO     | ai_service | GET / → 200  (1.6 ms)
2026-03-06T18:47:16 | INFO     | ai_service | GET / → 200  (1.5 ms)
2026-03-06T18:47:46 | INFO     | ai_service | GET / → 200  (1.8 ms)
2026-03-06T18:47:48 | INFO     | ai_service | predict-price | dist=5.00  demand=3  traffic=2  type=standard
2026-03-06T18:47:49 | INFO     | ai_service | POST /predict-price → 200  (1215.8 ms)
2026-03-06T18:47:50 | INFO     | ai_service | predict-price | dist=15.00  demand=5  traffic=4  type=premium
2026-03-06T18:47:51 | INFO     | ai_service | POST /predict-price → 200  (1266.5 ms)
2026-03-06T18:47:51 | INFO     | ai_service | predict-driver | lat=-1.2864  lng=36.8172  type=standard
2026-03-06T18:47:52 | INFO     | ai_service | POST /predict-driver → 200  (860.9 ms)
2026-03-06T18:47:53 | INFO     | ai_service | GET /rides → 200  (835.5 ms)
2026-03-06T18:47:54 | INFO     | ai_service | GET /trips → 200  (942.2 ms)
2026-03-06T18:47:54 | INFO     | ai_service | POST /predict-price → 403  (2.5 ms)
2026-03-06T18:48:16 | INFO     | ai_service | GET / → 200  (1.8 ms)
2026-03-06T18:48:47 | INFO     | ai_service | GET / → 200  (1.1 ms)
2026-03-06T18:48:54 | DEBUG    | ai_service | predict-price cache hit: (5.0, 3, 2, 'standard')
2026-03-06T18:48:54 | INFO     | ai_service | POST /predict-price → 200  (6.2 ms)
2026-03-06T18:49:17 | INFO     | ai_service | GET / → 200  (1.4 ms)
2026-03-06T18:49:47 | INFO     | ai_service | GET / → 200  (1.2 ms)
2026-03-06T18:49:58 | DEBUG    | ai_service | predict-price cache hit: (15.0, 5, 4, 'premium')
2026-03-06T18:49:58 | INFO     | ai_service | POST /predict-price → 200  (7.7 ms)
2026-03-06T18:50:07 | INFO     | ai_service | predict-driver | lat=-1.2864  lng=36.8172  type=standard
2026-03-06T18:50:08 | INFO     | ai_service | POST /predict-driver → 200  (528.0 ms)
2026-03-06T18:50:17 | INFO     | ai_service | GET / → 200  (1.2 ms)
2026-03-06T18:50:47 | INFO     | ai_service | GET / → 200  (1.6 ms)
2026-03-06T18:51:17 | INFO     | ai_service | GET / → 200  (0.9 ms)
2026-03-06T18:51:47 | INFO     | ai_service | GET / → 200  (1.1 ms)
2026-03-06T18:52:17 | INFO     | ai_service | GET / → 200  (2.7 ms)
2026-03-06T18:52:48 | INFO     | ai_service | GET / → 200  (1.6 ms)
2026-03-06T18:53:18 | INFO     | ai_service | GET / → 200  (1.5 ms)
2026-03-06T18:53:39 | INFO     | ai_service | GET /rides → 200  (3210.7 ms)
2026-03-06T18:53:41 | INFO     | ai_service | GET /trips → 200  (1684.4 ms)
2026-03-06T18:53:41 | INFO     | ai_service | POST /predict-price → 403  (2.7 ms)
2026-03-06T18:53:48 | INFO     | ai_service | GET / → 200  (1.8 ms)
2026-03-06T18:54:18 | INFO     | ai_service | GET / → 200  (1.1 ms)
2026-03-06T18:54:48 | INFO     | ai_service | GET / → 200  (1.6 ms)
2026-03-06T18:55:18 | INFO     | ai_service | GET / → 200  (0.9 ms)
2026-03-06T18:55:48 | INFO     | ai_service | GET / → 200  (1.3 ms)
2026-03-06T18:56:19 | INFO     | ai_service | GET / → 200  (1.6 ms)
2026-03-06T18:56:49 | INFO     | ai_service | GET / → 200  (1.6 ms)
2026-03-06T18:57:19 | INFO     | ai_service | GET / → 200  (1.4 ms)
2026-03-06T18:57:49 | INFO     | ai_service | GET / → 200  (0.8 ms)
2026-03-06T18:58:19 | INFO     | ai_service | GET / → 200  (1.8 ms)
2026-03-06T18:58:49 | INFO     | ai_service | GET / → 200  (1.1 ms)
2026-03-06T18:59:19 | INFO     | ai_service | GET / → 200  (1.4 ms)
2026-03-06T18:59:49 | INFO     | ai_service | GET / → 200  (2.0 ms)
2026-03-06T19:00:19 | INFO     | ai_service | GET / → 200  (1.1 ms)
2026-03-06T19:00:50 | INFO     | ai_service | GET / → 200  (1.1 ms)
2026-03-06T19:01:20 | INFO     | ai_service | GET / → 200  (1.8 ms)
2026-03-06T19:01:50 | INFO     | ai_service | GET / → 200  (1.1 ms)
2026-03-06T19:02:20 | INFO     | ai_service | GET / → 200  (0.9 ms)
2026-03-06T19:02:50 | INFO     | ai_service | GET / → 200  (5.4 ms)
2026-03-06T19:03:20 | INFO     | ai_service | GET / → 200  (1.2 ms)
2026-03-06T19:03:50 | INFO     | ai_service | GET / → 200  (0.8 ms)
2026-03-06T19:04:20 | INFO     | ai_service | GET / → 200  (2.0 ms)
2026-03-06T19:04:51 | INFO     | ai_service | GET / → 200  (1.1 ms)
2026-03-06T19:05:21 | INFO     | ai_service | GET / → 200  (1.0 ms)
2026-03-06T19:05:51 | INFO     | ai_service | GET / → 200  (2.3 ms)
2026-03-06T19:06:21 | INFO     | ai_service | GET / → 200  (1.6 ms)
2026-03-06T19:06:51 | INFO     | ai_service | GET / → 200  (3.0 ms)
2026-03-06T19:07:21 | INFO     | ai_service | GET / → 200  (2.1 ms)
2026-03-06T19:07:51 | INFO     | ai_service | GET / → 200  (1.4 ms)
2026-03-06T19:08:22 | INFO     | ai_service | GET / → 200  (1.3 ms)
2026-03-06T19:08:52 | INFO     | ai_service | GET / → 200  (1.0 ms)
2026-03-06T19:09:22 | INFO     | ai_service | GET / → 200  (2.2 ms)
2026-03-06T19:09:52 | INFO     | ai_service | GET / → 200  (2.0 ms)
2026-03-06T19:10:22 | INFO     | ai_service | GET / → 200  (1.7 ms)
2026-03-06T19:10:52 | INFO     | ai_service | GET / → 200  (0.8 ms)
2026-03-06T19:11:22 | INFO     | ai_service | GET / → 200  (2.1 ms)
2026-03-06T19:11:52 | INFO     | ai_service | GET / → 200  (3.1 ms)
2026-03-06T19:12:23 | INFO     | ai_service | GET / → 200  (6.1 ms)
2026-03-06T19:12:53 | INFO     | ai_service | GET / → 200  (2.8 ms)
2026-03-06T19:13:23 | INFO     | ai_service | GET / → 200  (2.5 ms)
2026-03-06T19:13:53 | INFO     | ai_service | GET / → 200  (2.4 ms)
2026-03-06T19:14:23 | INFO     | ai_service | GET / → 200  (1.2 ms)
2026-03-06T19:14:53 | INFO     | ai_service | GET / → 200  (2.6 ms)
2026-03-06T19:15:23 | INFO     | ai_service | GET / → 200  (2.1 ms)
2026-03-06T19:15:53 | INFO     | ai_service | GET / → 200  (4.5 ms)
2026-03-06T19:16:24 | INFO     | ai_service | GET / → 200  (3.1 ms)
2026-03-06T19:16:54 | INFO     | ai_service | GET / → 200  (1.3 ms)
2026-03-06T19:17:24 | INFO     | ai_service | GET / → 200  (1.3 ms)
2026-03-06T19:17:54 | INFO     | ai_service | GET / → 200  (1.4 ms)
2026-03-06T19:18:24 | INFO     | ai_service | GET / → 200  (1.5 ms)
2026-03-06T19:18:54 | INFO     | ai_service | GET / → 200  (1.8 ms)
2026-03-06T19:19:24 | INFO     | ai_service | GET / → 200  (1.7 ms)
2026-03-06T19:19:55 | INFO     | ai_service | GET / → 200  (14.4 ms)
2026-03-06T19:20:25 | INFO     | ai_service | GET / → 200  (1.1 ms)
2026-03-06T19:20:55 | INFO     | ai_service | GET / → 200  (1.4 ms)
2026-03-06T19:21:25 | INFO     | ai_service | GET / → 200  (1.6 ms)
2026-03-06T19:21:52 | INFO     | ai_service | Database connection pool closed.
2026-03-06T19:21:52 | INFO     | ai_service | Database connection pool closed.
2026-03-06T19:22:05 | INFO     | ai_service | Database connection pool opened.
2026-03-06T19:22:05 | INFO     | ai_service | Database connection pool opened.
2026-03-06T19:22:09 | INFO     | ai_service | Model loaded from models/price_model.pkl
2026-03-06T19:22:09 | INFO     | ai_service | Price model ready — loaded=True  path=models/price_model.pkl
2026-03-06T19:22:09 | INFO     | ai_service | Model loaded from models/price_model.pkl
2026-03-06T19:22:09 | INFO     | ai_service | Price model ready — loaded=True  path=models/price_model.pkl
2026-03-06T19:22:10 | INFO     | ai_service | Supabase public tables (67): ['activity_logs', 'ai_price_predictions', 'bookings', 'cache', 'cache_locks', 'compliance_reports', 'demand_zones', 'domain_events', 'driver_behavior_logs', 'driver_earnings', 'driver_locations', 'driver_payouts', 'driver_ratings', 'driver_status', 'driver_wallets', 'drivers', 'dw_dim_date', 'dw_dim_driver', 'dw_dim_passenger', 'dw_dim_payment_provider', 'dw_dim_region', 'dw_fact_commissions', 'dw_fact_driver_earnings', 'dw_fact_rides', 'dw_fact_transactions', 'event_outbox', 'exports', 'failed_import_rows', 'failed_jobs', 'fare_audit', 'fraud_flags', 'imports', 'job_batches', 'jobs', 'ledger_accounts', 'ledger_entries', 'ledger_transactions', 'managers', 'migrations', 'mobile_users', 'model_has_permissions', 'model_has_roles', 'notifications', 'password_reset_tokens', 'payments', 'payments_v2', 'permissions', 'personal_access_tokens', 'platform_commissions', 'predicted_demand', 'reviews', 'ride_feedback', 'ride_requests', 'rides', 'role_has_permissions', 'roles', 'route_checkpoints', 'sessions', 'system_metrics', 'tax_rules', 'tickets', 'traffic_logs', 'trips', 'user_notifications', 'users', 'vehicles', 'vehicles_v2']
2026-03-06T19:22:10 | INFO     | ai_service | Supabase public tables (67): ['activity_logs', 'ai_price_predictions', 'bookings', 'cache', 'cache_locks', 'compliance_reports', 'demand_zones', 'domain_events', 'driver_behavior_logs', 'driver_earnings', 'driver_locations', 'driver_payouts', 'driver_ratings', 'driver_status', 'driver_wallets', 'drivers', 'dw_dim_date', 'dw_dim_driver', 'dw_dim_passenger', 'dw_dim_payment_provider', 'dw_dim_region', 'dw_fact_commissions', 'dw_fact_driver_earnings', 'dw_fact_rides', 'dw_fact_transactions', 'event_outbox', 'exports', 'failed_import_rows', 'failed_jobs', 'fare_audit', 'fraud_flags', 'imports', 'job_batches', 'jobs', 'ledger_accounts', 'ledger_entries', 'ledger_transactions', 'managers', 'migrations', 'mobile_users', 'model_has_permissions', 'model_has_roles', 'notifications', 'password_reset_tokens', 'payments', 'payments_v2', 'permissions', 'personal_access_tokens', 'platform_commissions', 'predicted_demand', 'reviews', 'ride_feedback', 'ride_requests', 'rides', 'role_has_permissions', 'roles', 'route_checkpoints', 'sessions', 'system_metrics', 'tax_rules', 'tickets', 'traffic_logs', 'trips', 'user_notifications', 'users', 'vehicles', 'vehicles_v2']
2026-03-06T19:22:12 | INFO     | ai_service | GET / → 200  (7.4 ms)
2026-03-06T19:22:14 | INFO     | ai_service | GET / → 200  (3.3 ms)
2026-03-06T19:22:28 | INFO     | ai_service | GET / → 200  (1.2 ms)
2026-03-06T19:22:44 | INFO     | ai_service | GET / → 200  (1.5 ms)
2026-03-06T19:23:10 | INFO     | ai_service | GET / → 200  (2.8 ms)
2026-03-06T19:23:11 | INFO     | ai_service | GET /health → 200  (1320.3 ms)
2026-03-06T19:23:11 | INFO     | ai_service | predict-price | dist=8.00  demand=4  traffic=3  type=standard
2026-03-06T19:23:13 | INFO     | ai_service | POST /predict-price → 200  (1419.9 ms)
2026-03-06T19:23:13 | INFO     | ai_service | POST /predict-demand → 404  (0.5 ms)
2026-03-06T19:23:13 | INFO     | ai_service | GET /demand-hotspots → 404  (0.4 ms)
2026-03-06T19:23:14 | INFO     | ai_service | GET / → 200  (1.2 ms)
2026-03-06T19:23:31 | INFO     | ai_service | GET / → 200  (2.5 ms)
2026-03-06T19:23:44 | INFO     | ai_service | GET / → 200  (2.5 ms)
2026-03-06T19:24:14 | INFO     | ai_service | GET / → 200  (1.6 ms)
2026-03-06T19:24:30 | INFO     | ai_service | Database connection pool closed.
2026-03-06T19:24:30 | INFO     | ai_service | Database connection pool closed.
2026-03-06T19:24:39 | INFO     | ai_service | Database connection pool opened.
2026-03-06T19:24:40 | INFO     | ai_service | Database connection pool opened.
2026-03-06T19:24:43 | INFO     | ai_service | Model loaded from models/price_model.pkl
2026-03-06T19:24:43 | INFO     | ai_service | Price model ready — loaded=True  path=models/price_model.pkl
2026-03-06T19:24:43 | INFO     | ai_service | Model loaded from models/price_model.pkl
2026-03-06T19:24:43 | INFO     | ai_service | Price model ready — loaded=True  path=models/price_model.pkl
2026-03-06T19:24:44 | INFO     | ai_service | Supabase public tables (67): ['activity_logs', 'ai_price_predictions', 'bookings', 'cache', 'cache_locks', 'compliance_reports', 'demand_zones', 'domain_events', 'driver_behavior_logs', 'driver_earnings', 'driver_locations', 'driver_payouts', 'driver_ratings', 'driver_status', 'driver_wallets', 'drivers', 'dw_dim_date', 'dw_dim_driver', 'dw_dim_passenger', 'dw_dim_payment_provider', 'dw_dim_region', 'dw_fact_commissions', 'dw_fact_driver_earnings', 'dw_fact_rides', 'dw_fact_transactions', 'event_outbox', 'exports', 'failed_import_rows', 'failed_jobs', 'fare_audit', 'fraud_flags', 'imports', 'job_batches', 'jobs', 'ledger_accounts', 'ledger_entries', 'ledger_transactions', 'managers', 'migrations', 'mobile_users', 'model_has_permissions', 'model_has_roles', 'notifications', 'password_reset_tokens', 'payments', 'payments_v2', 'permissions', 'personal_access_tokens', 'platform_commissions', 'predicted_demand', 'reviews', 'ride_feedback', 'ride_requests', 'rides', 'role_has_permissions', 'roles', 'route_checkpoints', 'sessions', 'system_metrics', 'tax_rules', 'tickets', 'traffic_logs', 'trips', 'user_notifications', 'users', 'vehicles', 'vehicles_v2']
2026-03-06T19:24:44 | WARNING  | ai_service | PyTorch not installed — LSTM demand model disabled.
2026-03-06T19:24:44 | INFO     | ai_service | Supabase public tables (67): ['activity_logs', 'ai_price_predictions', 'bookings', 'cache', 'cache_locks', 'compliance_reports', 'demand_zones', 'domain_events', 'driver_behavior_logs', 'driver_earnings', 'driver_locations', 'driver_payouts', 'driver_ratings', 'driver_status', 'driver_wallets', 'drivers', 'dw_dim_date', 'dw_dim_driver', 'dw_dim_passenger', 'dw_dim_payment_provider', 'dw_dim_region', 'dw_fact_commissions', 'dw_fact_driver_earnings', 'dw_fact_rides', 'dw_fact_transactions', 'event_outbox', 'exports', 'failed_import_rows', 'failed_jobs', 'fare_audit', 'fraud_flags', 'imports', 'job_batches', 'jobs', 'ledger_accounts', 'ledger_entries', 'ledger_transactions', 'managers', 'migrations', 'mobile_users', 'model_has_permissions', 'model_has_roles', 'notifications', 'password_reset_tokens', 'payments', 'payments_v2', 'permissions', 'personal_access_tokens', 'platform_commissions', 'predicted_demand', 'reviews', 'ride_feedback', 'ride_requests', 'rides', 'role_has_permissions', 'roles', 'route_checkpoints', 'sessions', 'system_metrics', 'tax_rules', 'tickets', 'traffic_logs', 'trips', 'user_notifications', 'users', 'vehicles', 'vehicles_v2']
2026-03-06T19:24:44 | WARNING  | ai_service | PyTorch not installed — LSTM demand model disabled.
2026-03-06T19:24:45 | INFO     | ai_service | Demand model bootstrapped and saved to models/demand_model.pkl
2026-03-06T19:24:45 | INFO     | ai_service | Demand model bootstrapped and saved to models/demand_model.pkl
2026-03-06T19:24:45 | INFO     | ai_service | KMeans fitted (k=10, inertia=0.03) → saved models/hotspot_kmeans.pkl
2026-03-06T19:24:45 | INFO     | ai_service | KMeans fitted (k=10, inertia=0.03) → saved models/hotspot_kmeans.pkl
2026-03-06T19:24:46 | INFO     | ai_service | ETA model bootstrapped → models/eta_model.pkl
2026-03-06T19:24:46 | INFO     | ai_service | ETA model bootstrapped → models/eta_model.pkl
2026-03-06T19:24:46 | INFO     | ai_service | Behavior model bootstrapped → models/behavior_model.pkl
2026-03-06T19:24:46 | INFO     | ai_service | Behavior model bootstrapped → models/behavior_model.pkl
2026-03-06T19:24:47 | INFO     | ai_service | Anomaly model bootstrapped → models/anomaly_model.pkl
2026-03-06T19:24:47 | INFO     | ai_service | All AI modules pre-warmed.
2026-03-06T19:24:47 | INFO     | ai_service | Anomaly model bootstrapped → models/anomaly_model.pkl
2026-03-06T19:24:47 | INFO     | ai_service | All AI modules pre-warmed.
2026-03-06T19:24:48 | INFO     | ai_service | GET / → 200 (6.6 ms)
2026-03-06T19:24:48 | INFO     | ai_service | GET / → 200 (2.8 ms)
2026-03-06T19:25:10 | INFO     | ai_service | GET / → 200 (2.4 ms)
2026-03-06T19:25:18 | INFO     | ai_service | GET / → 200 (4.6 ms)
2026-03-06T19:25:19 | INFO     | ai_service | GET / → 200 (1.9 ms)
2026-03-06T19:25:29 | INFO     | ai_service | GET /health → 200 (748.8 ms)
2026-03-06T19:25:48 | INFO     | ai_service | POST /predict-demand → 200 (1964.7 ms)
2026-03-06T19:25:48 | INFO     | ai_service | GET / → 200 (2.2 ms)
2026-03-06T19:25:50 | DEBUG    | ai_service | Matching engine ranked 1 candidates
2026-03-06T19:25:50 | INFO     | ai_service | POST /match-driver → 200 (1487.2 ms)
2026-03-06T19:25:51 | INFO     | ai_service | GET /demand-hotspots → 200 (758.4 ms)
2026-03-06T19:25:54 | INFO     | ai_service | POST /predict-demand → 200 (2.0 ms)
2026-03-06T19:26:02 | INFO     | ai_service | GET /demand-hotspots → 200 (907.5 ms)
2026-03-06T19:26:15 | INFO     | ai_service | Route optimised (astar) | 5.57 km | 11.1 min | traffic=3 | checkpoints=0
2026-03-06T19:26:15 | INFO     | ai_service | POST /optimize-route → 200 (6.6 ms)
2026-03-06T19:26:18 | INFO     | ai_service | GET / → 200 (1.1 ms)
2026-03-06T19:26:24 | INFO     | ai_service | POST /estimate-arrival → 200 (5.0 ms)
2026-03-06T19:26:34 | WARNING  | ai_service | driver_behavior_logs insert failed: This text() construct doesn't define a bound parameter named 'feat'
2026-03-06T19:26:34 | INFO     | ai_service | POST /analyze-driver → 200 (343.5 ms)
2026-03-06T19:26:43 | WARNING  | ai_service | Fare anomaly detected | trip=42  fare=9500.00  dist=6.00  type=abnormal_surge
2026-03-06T19:26:49 | INFO     | ai_service | GET / → 200 (1.3 ms)
2026-03-06T19:27:19 | INFO     | ai_service | GET / → 200 (1.4 ms)
2026-03-06T19:27:49 | INFO     | ai_service | GET / → 200 (4.0 ms)
2026-03-06T19:27:54 | INFO     | ai_service | Database connection pool closed.
2026-03-06T19:27:54 | INFO     | ai_service | Database connection pool closed.
2026-03-06T19:28:02 | INFO     | ai_service | Database connection pool opened.
2026-03-06T19:28:03 | INFO     | ai_service | Database connection pool opened.
2026-03-06T19:28:06 | INFO     | ai_service | Model loaded from models/price_model.pkl
2026-03-06T19:28:06 | INFO     | ai_service | Price model ready — loaded=True  path=models/price_model.pkl
2026-03-06T19:28:06 | INFO     | ai_service | Model loaded from models/price_model.pkl
2026-03-06T19:28:06 | INFO     | ai_service | Price model ready — loaded=True  path=models/price_model.pkl
2026-03-06T19:28:07 | INFO     | ai_service | Supabase public tables (67): ['activity_logs', 'ai_price_predictions', 'bookings', 'cache', 'cache_locks', 'compliance_reports', 'demand_zones', 'domain_events', 'driver_behavior_logs', 'driver_earnings', 'driver_locations', 'driver_payouts', 'driver_ratings', 'driver_status', 'driver_wallets', 'drivers', 'dw_dim_date', 'dw_dim_driver', 'dw_dim_passenger', 'dw_dim_payment_provider', 'dw_dim_region', 'dw_fact_commissions', 'dw_fact_driver_earnings', 'dw_fact_rides', 'dw_fact_transactions', 'event_outbox', 'exports', 'failed_import_rows', 'failed_jobs', 'fare_audit', 'fraud_flags', 'imports', 'job_batches', 'jobs', 'ledger_accounts', 'ledger_entries', 'ledger_transactions', 'managers', 'migrations', 'mobile_users', 'model_has_permissions', 'model_has_roles', 'notifications', 'password_reset_tokens', 'payments', 'payments_v2', 'permissions', 'personal_access_tokens', 'platform_commissions', 'predicted_demand', 'reviews', 'ride_feedback', 'ride_requests', 'rides', 'role_has_permissions', 'roles', 'route_checkpoints', 'sessions', 'system_metrics', 'tax_rules', 'tickets', 'traffic_logs', 'trips', 'user_notifications', 'users', 'vehicles', 'vehicles_v2']
2026-03-06T19:28:07 | WARNING  | ai_service | PyTorch not installed — LSTM demand model disabled.
2026-03-06T19:28:07 | INFO     | ai_service | Demand RF model loaded from models/demand_model.pkl
2026-03-06T19:28:07 | INFO     | ai_service | Supabase public tables (67): ['activity_logs', 'ai_price_predictions', 'bookings', 'cache', 'cache_locks', 'compliance_reports', 'demand_zones', 'domain_events', 'driver_behavior_logs', 'driver_earnings', 'driver_locations', 'driver_payouts', 'driver_ratings', 'driver_status', 'driver_wallets', 'drivers', 'dw_dim_date', 'dw_dim_driver', 'dw_dim_passenger', 'dw_dim_payment_provider', 'dw_dim_region', 'dw_fact_commissions', 'dw_fact_driver_earnings', 'dw_fact_rides', 'dw_fact_transactions', 'event_outbox', 'exports', 'failed_import_rows', 'failed_jobs', 'fare_audit', 'fraud_flags', 'imports', 'job_batches', 'jobs', 'ledger_accounts', 'ledger_entries', 'ledger_transactions', 'managers', 'migrations', 'mobile_users', 'model_has_permissions', 'model_has_roles', 'notifications', 'password_reset_tokens', 'payments', 'payments_v2', 'permissions', 'personal_access_tokens', 'platform_commissions', 'predicted_demand', 'reviews', 'ride_feedback', 'ride_requests', 'rides', 'role_has_permissions', 'roles', 'route_checkpoints', 'sessions', 'system_metrics', 'tax_rules', 'tickets', 'traffic_logs', 'trips', 'user_notifications', 'users', 'vehicles', 'vehicles_v2']
2026-03-06T19:28:07 | WARNING  | ai_service | PyTorch not installed — LSTM demand model disabled.
2026-03-06T19:28:07 | INFO     | ai_service | Demand RF model loaded from models/demand_model.pkl
2026-03-06T19:28:07 | INFO     | ai_service | Hotspot KMeans loaded from models/hotspot_kmeans.pkl  (k=10)
2026-03-06T19:28:07 | INFO     | ai_service | ETA model loaded from models/eta_model.pkl
2026-03-06T19:28:07 | INFO     | ai_service | Hotspot KMeans loaded from models/hotspot_kmeans.pkl  (k=10)
2026-03-06T19:28:07 | INFO     | ai_service | ETA model loaded from models/eta_model.pkl
2026-03-06T19:28:07 | INFO     | ai_service | Behavior model loaded from models/behavior_model.pkl
2026-03-06T19:28:07 | INFO     | ai_service | Behavior model loaded from models/behavior_model.pkl
2026-03-06T19:28:07 | INFO     | ai_service | Anomaly detection model loaded from models/anomaly_model.pkl
2026-03-06T19:28:07 | INFO     | ai_service | All AI modules pre-warmed.
2026-03-06T19:28:07 | INFO     | ai_service | Anomaly detection model loaded from models/anomaly_model.pkl
2026-03-06T19:28:07 | INFO     | ai_service | All AI modules pre-warmed.
2026-03-06T19:28:12 | INFO     | ai_service | GET / → 200 (4.0 ms)
2026-03-06T19:28:20 | WARNING  | ai_service | Fare anomaly detected | trip=42  fare=9500.00  dist=6.00  type=abnormal_surge
2026-03-06T19:28:21 | INFO     | ai_service | POST /detect-fare-anomaly → 200 (1063.7 ms)
2026-03-06T19:28:33 | DEBUG    | ai_service | Location updated for driver 1 (-1.94410, 30.06190)
2026-03-06T19:28:33 | INFO     | ai_service | POST /update-driver-location → 200 (2119.4 ms)
2026-03-06T19:28:42 | INFO     | ai_service | GET / → 200 (1.0 ms)
2026-03-06T19:28:42 | INFO     | ai_service | GET /nearby-drivers → 200 (867.4 ms)
2026-03-06T19:28:54 | INFO     | ai_service | GET /analytics/demand → 200 (985.9 ms)
2026-03-06T19:28:56 | INFO     | ai_service | GET /analytics/rides → 200 (2612.7 ms)
2026-03-06T19:29:04 | INFO     | ai_service | GET /analytics/rides → 200 (1801.5 ms)
2026-03-06T19:29:12 | INFO     | ai_service | GET / → 200 (0.9 ms)
2026-03-06T19:29:25 | INFO     | ai_service | GET /analytics/driver-performance → 200 (918.1 ms)
2026-03-06T19:29:26 | INFO     | ai_service | GET /analytics/system-health → 200 (1060.0 ms)
2026-03-06T19:29:42 | INFO     | ai_service | GET / → 200 (1.2 ms)
2026-03-06T19:29:50 | INFO     | ai_service | GET /analytics/system-health → 200 (559.2 ms)
2026-03-06T19:30:05 | INFO     | ai_service | GET /health → 403 (4.4 ms)
2026-03-06T19:30:05 | INFO     | ai_service | GET /health → 403 (5.4 ms)
2026-03-06T19:30:06 | INFO     | ai_service | GET /health → 200 (676.6 ms)
2026-03-06T19:30:12 | INFO     | ai_service | GET / → 200 (1.3 ms)
2026-03-06T19:30:17 | INFO     | ai_service | GET /health → 403 (1.5 ms)
2026-03-06T19:30:18 | INFO     | ai_service | GET /health → 200 (1458.4 ms)
2026-03-06T19:30:26 | INFO     | ai_service | GET /health → 200 (599.0 ms)
2026-03-06T19:30:42 | INFO     | ai_service | GET / → 200 (1.4 ms)
2026-03-06T19:31:13 | INFO     | ai_service | GET / → 200 (1.7 ms)
2026-03-06T19:31:43 | INFO     | ai_service | GET / → 200 (1.6 ms)
2026-03-06T19:32:13 | INFO     | ai_service | GET / → 200 (1.0 ms)
2026-03-06T19:32:43 | INFO     | ai_service | GET / → 200 (1.1 ms)
2026-03-06T19:33:13 | INFO     | ai_service | GET / → 200 (1.0 ms)
2026-03-06T19:33:43 | INFO     | ai_service | GET / → 200 (1.8 ms)
2026-03-06T19:34:14 | INFO     | ai_service | GET / → 200 (3.9 ms)
2026-03-06T19:34:44 | INFO     | ai_service | GET / → 200 (17.8 ms)
2026-03-06T19:35:14 | INFO     | ai_service | GET / → 200 (1.9 ms)
2026-03-06T19:35:44 | INFO     | ai_service | GET / → 200 (1.9 ms)
2026-03-06T19:36:14 | INFO     | ai_service | GET / → 200 (2.3 ms)
2026-03-06T19:36:44 | INFO     | ai_service | GET / → 200 (7.5 ms)
2026-03-06T19:37:14 | INFO     | ai_service | GET / → 200 (1.5 ms)
2026-03-06T19:37:45 | INFO     | ai_service | GET / → 200 (5.0 ms)
2026-03-06T19:38:15 | INFO     | ai_service | GET / → 200 (1.6 ms)
2026-03-06T19:38:45 | INFO     | ai_service | GET / → 200 (1.4 ms)
2026-03-06T19:39:15 | INFO     | ai_service | GET / → 200 (1.2 ms)
2026-03-06T19:39:45 | INFO     | ai_service | GET / → 200 (1.7 ms)
2026-03-06T19:40:15 | INFO     | ai_service | GET / → 200 (1.4 ms)
2026-03-06T19:40:45 | INFO     | ai_service | GET / → 200 (2.5 ms)
2026-03-06T19:41:16 | INFO     | ai_service | GET / → 200 (1.5 ms)
2026-03-06T19:41:46 | INFO     | ai_service | GET / → 200 (2.0 ms)
2026-03-06T19:42:16 | INFO     | ai_service | GET / → 200 (1.6 ms)
2026-03-06T19:42:46 | INFO     | ai_service | GET / → 200 (1.3 ms)
2026-03-06T19:43:16 | INFO     | ai_service | GET / → 200 (2.1 ms)
2026-03-06T19:43:47 | INFO     | ai_service | GET / → 200 (4.8 ms)
2026-03-06T19:44:17 | INFO     | ai_service | GET / → 200 (1.1 ms)
2026-03-06T19:44:47 | INFO     | ai_service | GET / → 200 (2.7 ms)
2026-03-06T19:45:17 | INFO     | ai_service | GET / → 200 (3.8 ms)
2026-03-06T19:45:47 | INFO     | ai_service | GET / → 200 (2.0 ms)
2026-03-06T19:46:18 | INFO     | ai_service | GET / → 200 (2.7 ms)
2026-03-06T19:46:48 | INFO     | ai_service | GET / → 200 (1.5 ms)
2026-03-06T19:47:18 | INFO     | ai_service | GET / → 200 (3.5 ms)
2026-03-06T19:47:24 | INFO     | ai_service | GET /docs → 200 (18.4 ms)
2026-03-06T19:47:27 | INFO     | ai_service | GET /openapi.json → 200 (770.5 ms)
2026-03-06T19:47:48 | INFO     | ai_service | GET / → 200 (1.2 ms)
2026-03-06T19:48:19 | INFO     | ai_service | GET / → 200 (2.7 ms)
2026-03-06T19:48:49 | INFO     | ai_service | GET / → 200 (1.8 ms)
2026-03-06T19:49:19 | INFO     | ai_service | GET / → 200 (54.7 ms)
2026-03-06T19:49:49 | INFO     | ai_service | GET / → 200 (1.7 ms)
2026-03-06T19:50:14 | INFO     | ai_service | GET /retrain → 405 (52.6 ms)
2026-03-06T19:50:20 | INFO     | ai_service | GET / → 200 (1.9 ms)
2026-03-06T19:50:49 | INFO     | ai_service | GET /retrain → 405 (0.9 ms)
2026-03-06T19:50:50 | INFO     | ai_service | GET / → 200 (1.9 ms)
2026-03-06T19:51:20 | INFO     | ai_service | GET / → 200 (1.8 ms)
2026-03-06T19:51:51 | INFO     | ai_service | GET / → 200 (2.1 ms)
2026-03-06T19:52:05 | INFO     | ai_service | POST /predict-price → 403 (173.5 ms)
2026-03-06T19:52:21 | INFO     | ai_service | GET / → 200 (3.5 ms)
2026-03-06T19:52:51 | INFO     | ai_service | GET / → 200 (1.3 ms)
2026-03-06T19:53:21 | INFO     | ai_service | GET / → 200 (1.3 ms)
2026-03-06T19:53:52 | INFO     | ai_service | GET / → 200 (3.3 ms)
2026-03-06T19:54:22 | INFO     | ai_service | GET / → 200 (19.2 ms)
2026-03-06T19:54:52 | INFO     | ai_service | GET / → 200 (1.9 ms)
2026-03-06T19:55:22 | INFO     | ai_service | GET / → 200 (1.4 ms)
2026-03-06T19:55:53 | INFO     | ai_service | GET / → 200 (1.7 ms)
2026-03-06T19:56:23 | INFO     | ai_service | GET / → 200 (2.1 ms)
2026-03-06T19:56:53 | INFO     | ai_service | GET / → 200 (2.6 ms)
2026-03-06T19:57:23 | INFO     | ai_service | GET / → 200 (4.3 ms)
2026-03-06T19:57:53 | INFO     | ai_service | GET / → 200 (3.2 ms)
2026-03-06T19:58:23 | INFO     | ai_service | GET / → 200 (3.1 ms)
2026-03-06T19:58:54 | INFO     | ai_service | GET / → 200 (4.5 ms)
2026-03-06T19:59:24 | INFO     | ai_service | GET / → 200 (2.7 ms)
2026-03-06T19:59:54 | INFO     | ai_service | GET / → 200 (3.3 ms)
2026-03-06T20:00:25 | INFO     | ai_service | GET / → 200 (197.6 ms)
2026-03-06T20:00:55 | INFO     | ai_service | GET / → 200 (2.1 ms)
2026-03-06T20:01:25 | INFO     | ai_service | GET / → 200 (2.1 ms)
2026-03-06T20:01:55 | INFO     | ai_service | GET / → 200 (1.1 ms)
2026-03-06T20:02:26 | INFO     | ai_service | GET / → 200 (2.4 ms)
2026-03-06T20:02:57 | INFO     | ai_service | GET / → 200 (2.6 ms)
2026-03-06T20:03:27 | INFO     | ai_service | GET / → 200 (13.9 ms)
2026-03-06T20:03:57 | INFO     | ai_service | GET / → 200 (1.5 ms)
2026-03-06T20:04:28 | INFO     | ai_service | GET / → 200 (1.6 ms)
2026-03-06T20:04:58 | INFO     | ai_service | GET / → 200 (2.3 ms)
2026-03-06T20:05:28 | INFO     | ai_service | GET / → 200 (1.5 ms)
2026-03-06T20:05:58 | INFO     | ai_service | GET / → 200 (1.5 ms)
2026-03-06T20:06:29 | INFO     | ai_service | GET / → 200 (4.1 ms)
2026-03-06T20:06:59 | INFO     | ai_service | GET / → 200 (21.8 ms)
2026-03-06T20:07:29 | INFO     | ai_service | GET / → 200 (5.8 ms)
2026-03-06T20:07:59 | INFO     | ai_service | GET / → 200 (2.2 ms)
2026-03-06T20:08:30 | INFO     | ai_service | GET / → 200 (4.5 ms)
2026-03-06T20:09:00 | INFO     | ai_service | GET / → 200 (4.9 ms)
2026-03-06T20:09:30 | INFO     | ai_service | GET / → 200 (3.8 ms)
2026-03-06T20:10:01 | INFO     | ai_service | GET / → 200 (1.9 ms)
2026-03-06T20:10:31 | INFO     | ai_service | GET / → 200 (2.9 ms)
2026-03-06T20:11:02 | INFO     | ai_service | GET / → 200 (4.4 ms)
2026-03-06T20:11:32 | INFO     | ai_service | GET / → 200 (38.7 ms)
2026-03-06T20:12:02 | INFO     | ai_service | GET / → 200 (2.1 ms)
2026-03-06T20:12:32 | INFO     | ai_service | GET / → 200 (2.9 ms)
2026-03-06T20:13:03 | INFO     | ai_service | GET / → 200 (3.8 ms)
2026-03-06T20:13:33 | INFO     | ai_service | GET / → 200 (1.5 ms)
2026-03-06T20:14:03 | INFO     | ai_service | GET / → 200 (3.1 ms)
2026-03-06T20:14:33 | INFO     | ai_service | GET / → 200 (58.3 ms)
2026-03-06T20:15:04 | INFO     | ai_service | GET / → 200 (1.5 ms)
2026-03-06T20:15:34 | INFO     | ai_service | GET / → 200 (1.3 ms)
2026-03-06T20:16:04 | INFO     | ai_service | GET / → 200 (1.0 ms)
2026-03-06T20:16:34 | INFO     | ai_service | GET / → 200 (1.5 ms)
2026-03-06T20:17:04 | INFO     | ai_service | GET / → 200 (2.5 ms)
2026-03-06T20:17:35 | INFO     | ai_service | GET / → 200 (4.4 ms)
2026-03-06T20:18:05 | INFO     | ai_service | GET / → 200 (1.3 ms)
2026-03-06T20:18:35 | INFO     | ai_service | GET / → 200 (1.0 ms)
2026-03-06T20:19:05 | INFO     | ai_service | GET / → 200 (5.2 ms)
2026-03-06T20:19:36 | INFO     | ai_service | GET / → 200 (2.8 ms)
2026-03-06T20:20:06 | INFO     | ai_service | GET / → 200 (9.5 ms)
2026-03-06T20:20:36 | INFO     | ai_service | GET / → 200 (1.0 ms)
2026-03-06T20:21:06 | INFO     | ai_service | GET / → 200 (1.8 ms)
2026-03-06T20:21:37 | INFO     | ai_service | GET / → 200 (2.2 ms)
2026-03-06T20:22:07 | INFO     | ai_service | GET / → 200 (1.7 ms)
2026-03-06T20:22:37 | INFO     | ai_service | GET / → 200 (1.1 ms)
2026-03-06T20:23:07 | INFO     | ai_service | GET / → 200 (2.5 ms)
2026-03-06T20:23:37 | INFO     | ai_service | GET / → 200 (5.3 ms)
2026-03-06T20:24:08 | INFO     | ai_service | GET / → 200 (1.7 ms)
2026-03-06T20:24:38 | INFO     | ai_service | GET / → 200 (0.8 ms)
2026-03-06T20:25:08 | INFO     | ai_service | GET / → 200 (2.8 ms)
2026-03-06T20:25:38 | INFO     | ai_service | GET / → 200 (1.3 ms)
2026-03-06T20:26:09 | INFO     | ai_service | GET / → 200 (1.3 ms)
2026-03-06T20:26:39 | INFO     | ai_service | GET / → 200 (3.8 ms)
2026-03-06T20:27:09 | INFO     | ai_service | GET / → 200 (3.4 ms)
2026-03-06T20:27:39 | INFO     | ai_service | GET / → 200 (6.1 ms)
2026-03-06T20:28:09 | INFO     | ai_service | GET / → 200 (1.7 ms)
2026-03-06T20:28:40 | INFO     | ai_service | GET / → 200 (3.1 ms)
2026-03-06T20:29:10 | INFO     | ai_service | GET / → 200 (34.5 ms)
2026-03-06T20:29:40 | INFO     | ai_service | GET / → 200 (1.5 ms)
2026-03-06T20:30:10 | INFO     | ai_service | GET / → 200 (1.8 ms)
2026-03-06T20:30:41 | INFO     | ai_service | GET / → 200 (2.3 ms)
2026-03-06T20:31:11 | INFO     | ai_service | GET / → 200 (2.2 ms)
2026-03-06T20:31:42 | INFO     | ai_service | GET / → 200 (2.1 ms)
2026-03-06T20:32:12 | INFO     | ai_service | GET / → 200 (2.1 ms)
2026-03-06T20:32:42 | INFO     | ai_service | GET / → 200 (5.3 ms)
2026-03-06T20:33:12 | INFO     | ai_service | GET / → 200 (21.2 ms)
2026-03-06T20:33:43 | INFO     | ai_service | GET / → 200 (2.2 ms)
2026-03-06T20:34:13 | INFO     | ai_service | GET / → 200 (1.4 ms)
2026-03-06T20:34:43 | INFO     | ai_service | GET / → 200 (1.2 ms)
2026-03-06T20:35:13 | INFO     | ai_service | GET / → 200 (1.7 ms)
2026-03-06T20:35:43 | INFO     | ai_service | GET / → 200 (1.6 ms)
2026-03-06T20:36:14 | INFO     | ai_service | GET / → 200 (1.5 ms)
2026-03-06T20:36:44 | INFO     | ai_service | GET / → 200 (1.9 ms)
2026-03-06T20:37:14 | INFO     | ai_service | GET / → 200 (1.4 ms)
2026-03-06T20:37:44 | INFO     | ai_service | GET / → 200 (2.6 ms)
2026-03-06T20:38:15 | INFO     | ai_service | GET / → 200 (4.0 ms)
2026-03-06T20:38:45 | INFO     | ai_service | GET / → 200 (2.1 ms)
2026-03-06T20:39:07 | INFO     | ai_service | Database connection pool opened.
2026-03-06T20:39:07 | WARNING  | ai_service | Model file not found at 'models/price_model.pkl'. Predictions will use rule-based fallback until train_model.py is run.
2026-03-06T20:39:07 | INFO     | ai_service | Price model ready — loaded=False  path=models/price_model.pkl
2026-03-06T20:39:07 | INFO     | ai_service | Database connection pool opened.
2026-03-06T20:39:07 | WARNING  | ai_service | Model file not found at 'models/price_model.pkl'. Predictions will use rule-based fallback until train_model.py is run.
2026-03-06T20:39:07 | INFO     | ai_service | Price model ready — loaded=False  path=models/price_model.pkl
2026-03-06T20:39:08 | INFO     | ai_service | Supabase public tables (67): ['activity_logs', 'ai_price_predictions', 'bookings', 'cache', 'cache_locks', 'compliance_reports', 'demand_zones', 'domain_events', 'driver_behavior_logs', 'driver_earnings', 'driver_locations', 'driver_payouts', 'driver_ratings', 'driver_status', 'driver_wallets', 'drivers', 'dw_dim_date', 'dw_dim_driver', 'dw_dim_passenger', 'dw_dim_payment_provider', 'dw_dim_region', 'dw_fact_commissions', 'dw_fact_driver_earnings', 'dw_fact_rides', 'dw_fact_transactions', 'event_outbox', 'exports', 'failed_import_rows', 'failed_jobs', 'fare_audit', 'fraud_flags', 'imports', 'job_batches', 'jobs', 'ledger_accounts', 'ledger_entries', 'ledger_transactions', 'managers', 'migrations', 'mobile_users', 'model_has_permissions', 'model_has_roles', 'notifications', 'password_reset_tokens', 'payments', 'payments_v2', 'permissions', 'personal_access_tokens', 'platform_commissions', 'predicted_demand', 'reviews', 'ride_feedback', 'ride_requests', 'rides', 'role_has_permissions', 'roles', 'route_checkpoints', 'sessions', 'system_metrics', 'tax_rules', 'tickets', 'traffic_logs', 'trips', 'user_notifications', 'users', 'vehicles', 'vehicles_v2']
2026-03-06T20:39:08 | INFO     | ai_service | Supabase public tables (67): ['activity_logs', 'ai_price_predictions', 'bookings', 'cache', 'cache_locks', 'compliance_reports', 'demand_zones', 'domain_events', 'driver_behavior_logs', 'driver_earnings', 'driver_locations', 'driver_payouts', 'driver_ratings', 'driver_status', 'driver_wallets', 'drivers', 'dw_dim_date', 'dw_dim_driver', 'dw_dim_passenger', 'dw_dim_payment_provider', 'dw_dim_region', 'dw_fact_commissions', 'dw_fact_driver_earnings', 'dw_fact_rides', 'dw_fact_transactions', 'event_outbox', 'exports', 'failed_import_rows', 'failed_jobs', 'fare_audit', 'fraud_flags', 'imports', 'job_batches', 'jobs', 'ledger_accounts', 'ledger_entries', 'ledger_transactions', 'managers', 'migrations', 'mobile_users', 'model_has_permissions', 'model_has_roles', 'notifications', 'password_reset_tokens', 'payments', 'payments_v2', 'permissions', 'personal_access_tokens', 'platform_commissions', 'predicted_demand', 'reviews', 'ride_feedback', 'ride_requests', 'rides', 'role_has_permissions', 'roles', 'route_checkpoints', 'sessions', 'system_metrics', 'tax_rules', 'tickets', 'traffic_logs', 'trips', 'user_notifications', 'users', 'vehicles', 'vehicles_v2']
2026-03-06T20:39:08 | WARNING  | ai_service | PyTorch not installed — LSTM demand model disabled.
2026-03-06T20:39:08 | WARNING  | ai_service | PyTorch not installed — LSTM demand model disabled.
2026-03-06T20:39:11 | INFO     | ai_service | Demand model bootstrapped and saved to models/demand_model.pkl
2026-03-06T20:39:11 | INFO     | ai_service | Demand model bootstrapped and saved to models/demand_model.pkl
2026-03-06T20:39:11 | INFO     | ai_service | KMeans fitted (k=10, inertia=0.03) → saved models/hotspot_kmeans.pkl
2026-03-06T20:39:11 | INFO     | ai_service | KMeans fitted (k=10, inertia=0.03) → saved models/hotspot_kmeans.pkl
2026-03-06T20:39:12 | INFO     | ai_service | ETA model bootstrapped → models/eta_model.pkl
2026-03-06T20:39:12 | INFO     | ai_service | ETA model bootstrapped → models/eta_model.pkl
2026-03-06T20:39:13 | INFO     | ai_service | Behavior model bootstrapped → models/behavior_model.pkl
2026-03-06T20:39:13 | INFO     | ai_service | Behavior model bootstrapped → models/behavior_model.pkl
2026-03-06T20:39:13 | INFO     | ai_service | Anomaly model bootstrapped → models/anomaly_model.pkl
2026-03-06T20:39:13 | INFO     | ai_service | All AI modules pre-warmed.
2026-03-06T20:39:13 | INFO     | ai_service | Anomaly model bootstrapped → models/anomaly_model.pkl
2026-03-06T20:39:13 | INFO     | ai_service | All AI modules pre-warmed.
2026-03-06T20:39:13 | INFO     | ai_service | GET / → 200 (4.0 ms)
2026-03-06T20:39:15 | INFO     | ai_service | GET / → 200 (2.9 ms)
2026-03-06T20:39:28 | INFO     | ai_service | GET / → 200 (4.7 ms)
2026-03-06T20:39:38 | INFO     | ai_service | POST /retrain → 422 (364.5 ms)
2026-03-06T20:39:43 | INFO     | ai_service | GET / → 200 (1.5 ms)
2026-03-06T20:39:45 | INFO     | ai_service | GET / → 200 (3.4 ms)
2026-03-06T20:39:55 | INFO     | ai_service | GET /docs → 200 (28.6 ms)
2026-03-06T20:40:06 | INFO     | ai_service | GET /openapi.json → 200 (1431.0 ms)
2026-03-06T20:40:14 | INFO     | ai_service | GET / → 200 (2.7 ms)
2026-03-06T20:40:15 | INFO     | ai_service | GET / → 200 (2.9 ms)
2026-03-06T20:40:16 | INFO     | ai_service | GET /openapi.json → 200 (1.6 ms)
2026-03-06T20:40:39 | INFO     | ai_service | GET /openapi.json → 200 (2.9 ms)
2026-03-06T20:40:44 | INFO     | ai_service | GET / → 200 (1.9 ms)
2026-03-06T20:40:46 | INFO     | ai_service | GET / → 200 (1.2 ms)
2026-03-06T20:41:11 | INFO     | ai_service | KMeans fitted (k=10, inertia=5.18) → saved models/hotspot_kmeans.pkl
2026-03-06T20:41:14 | INFO     | ai_service | GET / → 200 (3.9 ms)
2026-03-06T20:41:16 | INFO     | ai_service | GET / → 200 (2.9 ms)
2026-03-06T20:41:19 | INFO     | ai_service | Model loaded from models/price_model.pkl
2026-03-06T20:41:19 | INFO     | ai_service | Demand RF model loaded from models/demand_model.pkl
2026-03-06T20:41:19 | INFO     | ai_service | ETA model loaded from models/eta_model.pkl
2026-03-06T20:41:20 | INFO     | ai_service | Behavior model loaded from models/behavior_model.pkl
2026-03-06T20:41:20 | INFO     | ai_service | Anomaly detection model loaded from models/anomaly_model.pkl
2026-03-06T20:41:20 | INFO     | ai_service | Hotspot KMeans loaded from models/hotspot_kmeans.pkl  (k=10)
2026-03-06T20:41:20 | INFO     | ai_service | POST /retrain → 200 (28012.7 ms)
2026-03-06T20:41:44 | INFO     | ai_service | GET / → 200 (6.0 ms)
2026-03-06T20:41:46 | INFO     | ai_service | GET / → 200 (17.8 ms)
2026-03-06T20:42:14 | INFO     | ai_service | GET / → 200 (3.9 ms)
2026-03-06T20:42:16 | INFO     | ai_service | GET / → 200 (4.0 ms)
2026-03-06T21:24:34 | INFO     | ai_service | GET / → 200 (2.1 ms)
2026-03-06T21:24:36 | INFO     | ai_service | GET / → 200 (1.3 ms)
2026-03-06T21:25:04 | INFO     | ai_service | GET / → 200 (0.6 ms)
2026-03-06T21:25:06 | INFO     | ai_service | GET / → 200 (0.5 ms)
2026-03-06T21:25:34 | INFO     | ai_service | GET / → 200 (4.0 ms)
2026-03-06T21:25:36 | INFO     | ai_service | GET / → 200 (2.7 ms)
2026-03-06T21:26:05 | INFO     | ai_service | GET / → 200 (2.0 ms)
2026-03-06T21:26:06 | INFO     | ai_service | GET / → 200 (1.2 ms)
2026-03-06T21:26:35 | INFO     | ai_service | GET / → 200 (1.5 ms)
2026-03-06T21:26:36 | INFO     | ai_service | GET / → 200 (1.1 ms)
2026-03-06T21:27:05 | INFO     | ai_service | GET / → 200 (1.3 ms)
2026-03-06T21:27:06 | INFO     | ai_service | GET / → 200 (1.5 ms)
2026-03-06T21:27:35 | INFO     | ai_service | GET / → 200 (1.2 ms)
2026-03-06T21:27:36 | INFO     | ai_service | GET / → 200 (1.2 ms)
2026-03-06T21:28:05 | INFO     | ai_service | GET / → 200 (1.3 ms)
2026-03-06T21:28:07 | INFO     | ai_service | GET / → 200 (1.1 ms)
2026-03-06T21:28:35 | INFO     | ai_service | GET / → 200 (1.0 ms)
2026-03-06T21:28:37 | INFO     | ai_service | GET / → 200 (1.9 ms)
2026-03-06T21:29:05 | INFO     | ai_service | GET / → 200 (1.0 ms)
2026-03-06T21:29:07 | INFO     | ai_service | GET / → 200 (1.4 ms)
2026-03-06T21:29:35 | INFO     | ai_service | GET / → 200 (1.9 ms)
2026-03-06T21:29:37 | INFO     | ai_service | GET / → 200 (1.4 ms)
2026-03-06T21:30:05 | INFO     | ai_service | GET / → 200 (1.1 ms)
2026-03-06T21:30:07 | INFO     | ai_service | GET / → 200 (2.2 ms)
2026-03-06T21:30:36 | INFO     | ai_service | GET / → 200 (8.3 ms)
2026-03-06T21:30:37 | INFO     | ai_service | GET / → 200 (4.4 ms)
2026-03-06T21:31:06 | INFO     | ai_service | GET / → 200 (1.1 ms)
2026-03-06T21:31:07 | INFO     | ai_service | GET / → 200 (4.9 ms)
2026-03-06T21:31:36 | INFO     | ai_service | GET / → 200 (1.1 ms)
2026-03-06T21:31:37 | INFO     | ai_service | GET / → 200 (3.3 ms)
2026-03-06T21:32:06 | INFO     | ai_service | GET / → 200 (1.2 ms)
2026-03-06T21:32:07 | INFO     | ai_service | GET / → 200 (9.0 ms)
2026-03-06T21:32:36 | INFO     | ai_service | GET / → 200 (4.9 ms)
2026-03-06T21:32:38 | INFO     | ai_service | GET / → 200 (3.9 ms)
2026-03-06T21:33:06 | INFO     | ai_service | GET / → 200 (1.2 ms)
2026-03-06T21:33:08 | INFO     | ai_service | GET / → 200 (6.6 ms)
2026-03-06T21:33:36 | INFO     | ai_service | GET / → 200 (1.1 ms)
2026-03-06T21:33:38 | INFO     | ai_service | GET / → 200 (3.5 ms)
2026-03-06T21:34:06 | INFO     | ai_service | GET / → 200 (1.5 ms)
2026-03-06T21:34:08 | INFO     | ai_service | GET / → 200 (4.9 ms)
2026-03-06T21:34:37 | INFO     | ai_service | GET / → 200 (1.3 ms)
2026-03-06T21:34:38 | INFO     | ai_service | GET / → 200 (3.9 ms)
2026-03-06T21:35:07 | INFO     | ai_service | GET / → 200 (3.3 ms)
2026-03-06T21:35:08 | INFO     | ai_service | GET / → 200 (2.1 ms)
2026-03-06T21:35:37 | INFO     | ai_service | GET / → 200 (0.8 ms)
2026-03-06T21:35:38 | INFO     | ai_service | GET / → 200 (1.5 ms)
2026-03-06T21:36:07 | INFO     | ai_service | GET / → 200 (2.0 ms)
2026-03-06T21:36:08 | INFO     | ai_service | GET / → 200 (1.0 ms)
2026-03-06T21:36:37 | INFO     | ai_service | GET / → 200 (1.1 ms)
2026-03-06T21:36:39 | INFO     | ai_service | GET / → 200 (2.0 ms)
2026-03-06T21:37:07 | INFO     | ai_service | GET / → 200 (0.9 ms)
2026-03-06T21:37:09 | INFO     | ai_service | GET / → 200 (1.2 ms)
2026-03-06T21:37:37 | INFO     | ai_service | GET / → 200 (2.8 ms)
2026-03-06T21:37:39 | INFO     | ai_service | GET / → 200 (2.5 ms)
2026-03-06T21:38:07 | INFO     | ai_service | GET / → 200 (1.6 ms)
2026-03-06T21:38:09 | INFO     | ai_service | GET / → 200 (5.2 ms)
2026-03-06T21:38:38 | INFO     | ai_service | GET / → 200 (1.8 ms)
2026-03-06T21:38:39 | INFO     | ai_service | GET / → 200 (5.8 ms)
2026-03-06T21:39:08 | INFO     | ai_service | GET / → 200 (2.1 ms)
2026-03-06T21:39:09 | INFO     | ai_service | GET / → 200 (10.8 ms)
2026-03-06T21:39:38 | INFO     | ai_service | GET / → 200 (2.0 ms)
2026-03-06T21:39:39 | INFO     | ai_service | GET / → 200 (1.0 ms)
2026-03-06T21:40:08 | INFO     | ai_service | GET / → 200 (1.0 ms)
2026-03-06T21:40:09 | INFO     | ai_service | GET / → 200 (0.8 ms)
2026-03-06T21:40:38 | INFO     | ai_service | GET / → 200 (1.6 ms)
2026-03-06T21:40:39 | INFO     | ai_service | GET / → 200 (1.7 ms)
2026-03-06T21:41:08 | INFO     | ai_service | GET / → 200 (1.0 ms)
2026-03-06T21:41:10 | INFO     | ai_service | GET / → 200 (1.8 ms)
2026-03-06T21:41:38 | INFO     | ai_service | GET / → 200 (1.0 ms)
2026-03-06T21:41:40 | INFO     | ai_service | GET / → 200 (1.1 ms)
2026-03-06T21:42:08 | INFO     | ai_service | GET / → 200 (1.2 ms)
2026-03-06T21:42:10 | INFO     | ai_service | GET / → 200 (1.1 ms)
2026-03-06T21:42:38 | INFO     | ai_service | GET / → 200 (32.6 ms)
2026-03-06T21:42:40 | INFO     | ai_service | GET / → 200 (1.6 ms)
2026-03-06T21:43:09 | INFO     | ai_service | GET / → 200 (0.9 ms)
2026-03-06T21:43:10 | INFO     | ai_service | GET / → 200 (1.3 ms)
2026-03-06T21:43:39 | INFO     | ai_service | GET / → 200 (2.6 ms)
2026-03-06T21:43:40 | INFO     | ai_service | GET / → 200 (6.4 ms)
2026-03-06T21:44:09 | INFO     | ai_service | GET / → 200 (1.5 ms)
2026-03-06T21:44:10 | INFO     | ai_service | GET / → 200 (1.7 ms)
2026-03-06T21:44:39 | INFO     | ai_service | GET / → 200 (1.2 ms)
2026-03-06T21:44:40 | INFO     | ai_service | GET / → 200 (0.8 ms)
2026-03-06T21:45:09 | INFO     | ai_service | GET / → 200 (0.8 ms)
2026-03-06T21:45:10 | INFO     | ai_service | GET / → 200 (1.0 ms)
2026-03-06T21:45:39 | INFO     | ai_service | GET / → 200 (0.7 ms)
2026-03-06T21:45:41 | INFO     | ai_service | GET / → 200 (1.0 ms)
2026-03-06T21:46:09 | INFO     | ai_service | GET / → 200 (1.0 ms)
2026-03-06T21:46:11 | INFO     | ai_service | GET / → 200 (1.5 ms)
2026-03-06T21:46:39 | INFO     | ai_service | GET / → 200 (1.5 ms)
2026-03-06T21:46:41 | INFO     | ai_service | GET / → 200 (0.9 ms)
2026-03-06T21:47:09 | INFO     | ai_service | GET / → 200 (1.6 ms)
2026-03-06T21:47:11 | INFO     | ai_service | GET / → 200 (4.1 ms)
2026-03-06T21:47:40 | INFO     | ai_service | GET / → 200 (1.1 ms)
2026-03-06T21:47:41 | INFO     | ai_service | GET / → 200 (1.1 ms)
2026-03-06T21:48:10 | INFO     | ai_service | GET / → 200 (1.1 ms)
2026-03-06T21:48:11 | INFO     | ai_service | GET / → 200 (1.4 ms)
2026-03-06T21:48:40 | INFO     | ai_service | GET / → 200 (1.0 ms)
2026-03-06T21:48:41 | INFO     | ai_service | GET / → 200 (0.9 ms)
2026-03-06T21:49:10 | INFO     | ai_service | GET / → 200 (0.8 ms)
2026-03-06T21:49:11 | INFO     | ai_service | GET / → 200 (31.8 ms)
2026-03-06T21:49:40 | INFO     | ai_service | GET / → 200 (1.0 ms)
2026-03-06T21:49:41 | INFO     | ai_service | GET / → 200 (1.0 ms)
2026-03-06T21:50:10 | INFO     | ai_service | GET / → 200 (1.0 ms)
2026-03-06T21:50:12 | INFO     | ai_service | GET / → 200 (1.0 ms)
2026-03-06T21:50:40 | INFO     | ai_service | GET / → 200 (1.7 ms)
2026-03-06T21:50:42 | INFO     | ai_service | GET / → 200 (0.9 ms)
2026-03-06T21:51:10 | INFO     | ai_service | GET / → 200 (3.0 ms)
2026-03-06T21:51:12 | INFO     | ai_service | GET / → 200 (1.1 ms)
2026-03-06T21:51:41 | INFO     | ai_service | GET / → 200 (1.2 ms)
2026-03-06T21:51:42 | INFO     | ai_service | GET / → 200 (2.6 ms)
2026-03-06T21:52:11 | INFO     | ai_service | GET / → 200 (1.2 ms)
2026-03-06T21:52:12 | INFO     | ai_service | GET / → 200 (0.9 ms)
2026-03-06T21:52:41 | INFO     | ai_service | GET / → 200 (1.8 ms)
2026-03-06T21:52:42 | INFO     | ai_service | GET / → 200 (0.8 ms)
2026-03-06T21:53:11 | INFO     | ai_service | GET / → 200 (0.9 ms)
2026-03-06T21:53:12 | INFO     | ai_service | GET / → 200 (1.0 ms)
2026-03-06T21:53:41 | INFO     | ai_service | GET / → 200 (1.0 ms)
2026-03-06T21:53:42 | INFO     | ai_service | GET / → 200 (1.2 ms)
2026-03-06T21:54:11 | INFO     | ai_service | GET / → 200 (1.2 ms)
2026-03-06T21:54:12 | INFO     | ai_service | GET / → 200 (0.8 ms)
2026-03-06T21:54:41 | INFO     | ai_service | GET / → 200 (2.5 ms)
2026-03-06T21:54:42 | INFO     | ai_service | GET / → 200 (1.8 ms)
2026-03-06T21:55:11 | INFO     | ai_service | GET / → 200 (1.2 ms)
2026-03-06T21:55:13 | INFO     | ai_service | GET / → 200 (4.9 ms)
2026-03-06T21:55:42 | INFO     | ai_service | GET / → 200 (1.5 ms)
2026-03-06T21:55:43 | INFO     | ai_service | GET / → 200 (1.6 ms)
2026-03-06T21:56:12 | INFO     | ai_service | GET / → 200 (1.6 ms)
2026-03-06T21:56:13 | INFO     | ai_service | GET / → 200 (1.5 ms)
2026-03-06T21:56:42 | INFO     | ai_service | GET / → 200 (1.2 ms)
2026-03-06T21:56:43 | INFO     | ai_service | GET / → 200 (0.9 ms)
2026-03-06T21:57:12 | INFO     | ai_service | GET / → 200 (0.9 ms)
2026-03-06T21:57:13 | INFO     | ai_service | GET / → 200 (1.2 ms)
2026-03-06T21:57:42 | INFO     | ai_service | GET / → 200 (1.8 ms)
2026-03-06T21:57:43 | INFO     | ai_service | GET / → 200 (1.6 ms)
2026-03-06T21:58:12 | INFO     | ai_service | GET / → 200 (2.8 ms)
2026-03-06T21:58:13 | INFO     | ai_service | GET / → 200 (1.2 ms)
2026-03-06T21:58:42 | INFO     | ai_service | GET / → 200 (82.8 ms)
2026-03-06T21:58:43 | INFO     | ai_service | GET / → 200 (0.9 ms)
2026-03-06T21:59:12 | INFO     | ai_service | GET / → 200 (1.1 ms)
2026-03-06T21:59:13 | INFO     | ai_service | GET / → 200 (0.9 ms)
2026-03-06T21:59:43 | INFO     | ai_service | GET / → 200 (0.9 ms)
2026-03-06T21:59:43 | INFO     | ai_service | GET / → 200 (1.6 ms)
2026-03-06T22:00:13 | INFO     | ai_service | GET / → 200 (1.3 ms)
2026-03-06T22:00:14 | INFO     | ai_service | GET / → 200 (1.2 ms)
2026-03-06T22:00:43 | INFO     | ai_service | GET / → 200 (19.9 ms)
2026-03-06T22:00:44 | INFO     | ai_service | GET / → 200 (1.0 ms)
2026-03-06T22:01:13 | INFO     | ai_service | GET / → 200 (1.5 ms)
2026-03-06T22:01:14 | INFO     | ai_service | GET / → 200 (1.4 ms)
2026-03-06T22:01:43 | INFO     | ai_service | GET / → 200 (0.8 ms)
2026-03-06T22:01:44 | INFO     | ai_service | GET / → 200 (1.2 ms)
2026-03-06T22:02:13 | INFO     | ai_service | GET / → 200 (1.2 ms)
2026-03-06T22:02:14 | INFO     | ai_service | GET / → 200 (1.0 ms)
2026-03-06T22:02:43 | INFO     | ai_service | GET / → 200 (0.7 ms)
2026-03-06T22:02:44 | INFO     | ai_service | GET / → 200 (1.6 ms)
2026-03-06T22:03:13 | INFO     | ai_service | GET / → 200 (0.9 ms)
2026-03-06T22:03:14 | INFO     | ai_service | GET / → 200 (0.9 ms)
2026-03-06T22:03:43 | INFO     | ai_service | GET / → 200 (1.2 ms)
2026-03-06T22:03:44 | INFO     | ai_service | GET / → 200 (1.1 ms)
2026-03-06T22:04:14 | INFO     | ai_service | GET / → 200 (0.8 ms)
2026-03-06T22:04:14 | INFO     | ai_service | GET / → 200 (0.9 ms)
2026-03-06T22:04:44 | INFO     | ai_service | GET / → 200 (1.3 ms)
2026-03-06T22:04:44 | INFO     | ai_service | GET / → 200 (0.8 ms)
2026-03-06T22:05:14 | INFO     | ai_service | GET / → 200 (1.1 ms)
2026-03-06T22:05:15 | INFO     | ai_service | GET / → 200 (1.0 ms)
2026-03-06T22:05:44 | INFO     | ai_service | GET / → 200 (1.3 ms)
2026-03-06T22:05:45 | INFO     | ai_service | GET / → 200 (2.7 ms)
2026-03-06T22:06:14 | INFO     | ai_service | GET / → 200 (0.7 ms)
2026-03-06T22:06:15 | INFO     | ai_service | GET / → 200 (1.7 ms)
2026-03-06T22:06:44 | INFO     | ai_service | GET / → 200 (1.0 ms)
2026-03-06T22:06:45 | INFO     | ai_service | GET / → 200 (1.3 ms)
2026-03-06T22:07:14 | INFO     | ai_service | GET / → 200 (0.7 ms)
2026-03-06T22:07:15 | INFO     | ai_service | GET / → 200 (1.3 ms)
2026-03-06T22:07:44 | INFO     | ai_service | GET / → 200 (1.4 ms)
2026-03-06T22:07:45 | INFO     | ai_service | GET / → 200 (0.8 ms)
2026-03-06T22:08:15 | INFO     | ai_service | GET / → 200 (0.6 ms)
2026-03-06T22:08:15 | INFO     | ai_service | GET / → 200 (1.0 ms)
2026-03-06T22:08:45 | INFO     | ai_service | GET / → 200 (1.2 ms)
2026-03-06T22:08:45 | INFO     | ai_service | GET / → 200 (1.2 ms)
2026-03-06T22:09:15 | INFO     | ai_service | GET / → 200 (1.1 ms)
2026-03-06T22:09:15 | INFO     | ai_service | GET / → 200 (0.7 ms)
2026-03-06T22:09:45 | INFO     | ai_service | GET / → 200 (1.1 ms)
2026-03-06T22:09:46 | INFO     | ai_service | GET / → 200 (1.2 ms)
2026-03-06T22:10:15 | INFO     | ai_service | GET / → 200 (0.9 ms)
2026-03-06T22:10:16 | INFO     | ai_service | GET / → 200 (0.8 ms)
2026-03-06T22:10:45 | INFO     | ai_service | GET / → 200 (1.7 ms)
2026-03-06T22:10:46 | INFO     | ai_service | GET / → 200 (3.5 ms)
2026-03-06T22:11:15 | INFO     | ai_service | GET / → 200 (0.9 ms)
2026-03-06T22:11:16 | INFO     | ai_service | GET / → 200 (1.0 ms)
2026-03-06T22:11:46 | INFO     | ai_service | GET / → 200 (0.9 ms)
2026-03-06T22:11:46 | INFO     | ai_service | GET / → 200 (14.7 ms)
2026-03-06T22:12:16 | INFO     | ai_service | GET / → 200 (1.1 ms)
2026-03-06T22:12:16 | INFO     | ai_service | GET / → 200 (1.1 ms)
2026-03-06T22:12:46 | INFO     | ai_service | GET / → 200 (1.0 ms)
2026-03-06T22:12:46 | INFO     | ai_service | GET / → 200 (0.7 ms)
2026-03-06T22:13:16 | INFO     | ai_service | GET / → 200 (1.0 ms)
2026-03-06T22:13:16 | INFO     | ai_service | GET / → 200 (16.1 ms)
2026-03-06T22:13:46 | INFO     | ai_service | GET / → 200 (1.3 ms)
2026-03-06T22:13:46 | INFO     | ai_service | GET / → 200 (0.8 ms)
2026-03-06T22:14:16 | INFO     | ai_service | GET / → 200 (0.9 ms)
2026-03-06T22:14:17 | INFO     | ai_service | GET / → 200 (1.4 ms)
2026-03-06T22:14:46 | INFO     | ai_service | GET / → 200 (1.7 ms)
2026-03-06T22:14:47 | INFO     | ai_service | GET / → 200 (0.8 ms)
2026-03-06T22:15:16 | INFO     | ai_service | GET / → 200 (0.9 ms)
2026-03-06T22:15:17 | INFO     | ai_service | GET / → 200 (1.2 ms)
2026-03-06T22:15:46 | INFO     | ai_service | GET / → 200 (1.1 ms)
2026-03-06T22:15:47 | INFO     | ai_service | GET / → 200 (1.2 ms)
2026-03-06T22:16:17 | INFO     | ai_service | GET / → 200 (1.1 ms)
2026-03-06T22:16:17 | INFO     | ai_service | GET / → 200 (1.0 ms)
2026-03-06T22:16:47 | INFO     | ai_service | GET / → 200 (0.9 ms)
2026-03-06T22:16:47 | INFO     | ai_service | GET / → 200 (0.9 ms)
2026-03-06T22:17:17 | INFO     | ai_service | GET / → 200 (1.2 ms)
2026-03-06T22:17:17 | INFO     | ai_service | GET / → 200 (1.1 ms)
2026-03-06T22:17:47 | INFO     | ai_service | GET / → 200 (1.1 ms)
2026-03-06T22:17:47 | INFO     | ai_service | GET / → 200 (0.8 ms)
2026-03-06T22:18:17 | INFO     | ai_service | GET / → 200 (0.8 ms)
2026-03-06T22:18:17 | INFO     | ai_service | GET / → 200 (1.2 ms)
2026-03-06T22:18:47 | INFO     | ai_service | GET / → 200 (1.2 ms)
2026-03-06T22:18:47 | INFO     | ai_service | GET / → 200 (0.9 ms)
2026-03-06T22:19:17 | INFO     | ai_service | GET / → 200 (0.9 ms)
2026-03-06T22:19:18 | INFO     | ai_service | GET / → 200 (1.0 ms)
2026-03-06T22:19:47 | INFO     | ai_service | GET / → 200 (1.7 ms)
2026-03-06T22:19:48 | INFO     | ai_service | GET / → 200 (0.8 ms)
2026-03-06T22:20:17 | INFO     | ai_service | GET / → 200 (1.0 ms)
2026-03-06T22:20:18 | INFO     | ai_service | GET / → 200 (0.9 ms)
2026-03-06T22:20:48 | INFO     | ai_service | GET / → 200 (1.1 ms)
2026-03-06T22:20:48 | INFO     | ai_service | GET / → 200 (0.9 ms)
2026-03-06T22:21:18 | INFO     | ai_service | GET / → 200 (1.1 ms)
2026-03-06T22:21:18 | INFO     | ai_service | GET / → 200 (1.5 ms)
2026-03-06T22:21:48 | INFO     | ai_service | GET / → 200 (0.7 ms)
2026-03-06T22:21:48 | INFO     | ai_service | GET / → 200 (0.8 ms)
2026-03-06T22:22:18 | INFO     | ai_service | GET / → 200 (1.0 ms)
2026-03-06T22:22:18 | INFO     | ai_service | GET / → 200 (0.9 ms)
2026-03-06T22:22:48 | INFO     | ai_service | GET / → 200 (1.0 ms)
2026-03-06T22:22:48 | INFO     | ai_service | GET / → 200 (2.8 ms)
2026-03-06T22:23:18 | INFO     | ai_service | GET / → 200 (1.2 ms)
2026-03-06T22:23:19 | INFO     | ai_service | GET / → 200 (1.0 ms)
2026-03-06T22:23:48 | INFO     | ai_service | GET / → 200 (0.9 ms)
2026-03-06T22:23:49 | INFO     | ai_service | GET / → 200 (1.0 ms)
2026-03-06T22:24:18 | INFO     | ai_service | GET / → 200 (0.7 ms)
2026-03-06T22:24:19 | INFO     | ai_service | GET / → 200 (1.0 ms)
2026-03-06T22:24:48 | INFO     | ai_service | GET / → 200 (1.0 ms)
2026-03-06T22:24:49 | INFO     | ai_service | GET / → 200 (1.6 ms)
2026-03-06T22:25:19 | INFO     | ai_service | GET / → 200 (1.0 ms)
2026-03-06T22:25:19 | INFO     | ai_service | GET / → 200 (1.2 ms)
2026-03-06T22:25:49 | INFO     | ai_service | GET / → 200 (0.8 ms)
2026-03-06T22:25:49 | INFO     | ai_service | GET / → 200 (0.8 ms)
2026-03-06T22:26:19 | INFO     | ai_service | GET / → 200 (1.1 ms)
2026-03-06T22:26:19 | INFO     | ai_service | GET / → 200 (0.9 ms)
2026-03-06T22:33:53 | INFO     | ai_service | GET / → 200 (1.0 ms)
2026-03-06T22:33:53 | INFO     | ai_service | GET / → 200 (0.8 ms)
2026-03-06T22:34:23 | INFO     | ai_service | GET / → 200 (1.3 ms)
2026-03-06T22:34:23 | INFO     | ai_service | GET / → 200 (1.8 ms)
2026-03-08T18:54:44 | INFO     | ai_service | Database connection pool opened.
2026-03-08T18:54:44 | INFO     | ai_service | Database connection pool opened.
2026-03-08T18:54:47 | INFO     | ai_service | Model loaded from models/price_model.pkl
2026-03-08T18:54:47 | INFO     | ai_service | Price model ready — loaded=True  path=models/price_model.pkl
2026-03-08T18:54:47 | INFO     | ai_service | Model loaded from models/price_model.pkl
2026-03-08T18:54:47 | INFO     | ai_service | Price model ready — loaded=True  path=models/price_model.pkl
2026-03-08T18:54:48 | INFO     | ai_service | Supabase public tables (67): ['activity_logs', 'ai_price_predictions', 'bookings', 'cache', 'cache_locks', 'compliance_reports', 'demand_zones', 'domain_events', 'driver_behavior_logs', 'driver_earnings', 'driver_locations', 'driver_payouts', 'driver_ratings', 'driver_status', 'driver_wallets', 'drivers', 'dw_dim_date', 'dw_dim_driver', 'dw_dim_passenger', 'dw_dim_payment_provider', 'dw_dim_region', 'dw_fact_commissions', 'dw_fact_driver_earnings', 'dw_fact_rides', 'dw_fact_transactions', 'event_outbox', 'exports', 'failed_import_rows', 'failed_jobs', 'fare_audit', 'fraud_flags', 'imports', 'job_batches', 'jobs', 'ledger_accounts', 'ledger_entries', 'ledger_transactions', 'managers', 'migrations', 'mobile_users', 'model_has_permissions', 'model_has_roles', 'notifications', 'password_reset_tokens', 'payments', 'payments_v2', 'permissions', 'personal_access_tokens', 'platform_commissions', 'predicted_demand', 'reviews', 'ride_feedback', 'ride_requests', 'rides', 'role_has_permissions', 'roles', 'route_checkpoints', 'sessions', 'system_metrics', 'tax_rules', 'tickets', 'traffic_logs', 'trips', 'user_notifications', 'users', 'vehicles', 'vehicles_v2']
2026-03-08T18:54:48 | INFO     | ai_service | Supabase public tables (67): ['activity_logs', 'ai_price_predictions', 'bookings', 'cache', 'cache_locks', 'compliance_reports', 'demand_zones', 'domain_events', 'driver_behavior_logs', 'driver_earnings', 'driver_locations', 'driver_payouts', 'driver_ratings', 'driver_status', 'driver_wallets', 'drivers', 'dw_dim_date', 'dw_dim_driver', 'dw_dim_passenger', 'dw_dim_payment_provider', 'dw_dim_region', 'dw_fact_commissions', 'dw_fact_driver_earnings', 'dw_fact_rides', 'dw_fact_transactions', 'event_outbox', 'exports', 'failed_import_rows', 'failed_jobs', 'fare_audit', 'fraud_flags', 'imports', 'job_batches', 'jobs', 'ledger_accounts', 'ledger_entries', 'ledger_transactions', 'managers', 'migrations', 'mobile_users', 'model_has_permissions', 'model_has_roles', 'notifications', 'password_reset_tokens', 'payments', 'payments_v2', 'permissions', 'personal_access_tokens', 'platform_commissions', 'predicted_demand', 'reviews', 'ride_feedback', 'ride_requests', 'rides', 'role_has_permissions', 'roles', 'route_checkpoints', 'sessions', 'system_metrics', 'tax_rules', 'tickets', 'traffic_logs', 'trips', 'user_notifications', 'users', 'vehicles', 'vehicles_v2']
2026-03-08T18:54:48 | WARNING  | ai_service | PyTorch not installed — LSTM demand model disabled.
2026-03-08T18:54:48 | WARNING  | ai_service | PyTorch not installed — LSTM demand model disabled.
2026-03-08T18:54:48 | INFO     | ai_service | Demand RF model loaded from models/demand_model.pkl
2026-03-08T18:54:48 | INFO     | ai_service | Demand RF model loaded from models/demand_model.pkl
2026-03-08T18:54:48 | INFO     | ai_service | Hotspot KMeans loaded from models/hotspot_kmeans.pkl  (k=10)
2026-03-08T18:54:48 | INFO     | ai_service | Hotspot KMeans loaded from models/hotspot_kmeans.pkl  (k=10)
2026-03-08T18:54:48 | INFO     | ai_service | ETA model loaded from models/eta_model.pkl
2026-03-08T18:54:48 | INFO     | ai_service | ETA model loaded from models/eta_model.pkl
2026-03-08T18:54:48 | INFO     | ai_service | Behavior model loaded from models/behavior_model.pkl
2026-03-08T18:54:48 | INFO     | ai_service | Behavior model loaded from models/behavior_model.pkl
2026-03-08T18:54:48 | INFO     | ai_service | Anomaly detection model loaded from models/anomaly_model.pkl
2026-03-08T18:54:48 | INFO     | ai_service | All AI modules pre-warmed.
2026-03-08T18:54:48 | INFO     | ai_service | Anomaly detection model loaded from models/anomaly_model.pkl
2026-03-08T18:54:48 | INFO     | ai_service | All AI modules pre-warmed.
2026-03-08T18:54:53 | INFO     | ai_service | GET / → 200 (10.2 ms)
2026-03-08T18:55:22 | INFO     | ai_service | GET / → 200 (0.9 ms)
2026-03-08T18:55:52 | INFO     | ai_service | GET / → 200 (1.3 ms)
2026-03-08T18:56:22 | INFO     | ai_service | GET / → 200 (6.8 ms)
2026-03-08T18:56:51 | INFO     | ai_service | GET / → 200 (1.4 ms)
2026-03-08T18:57:21 | INFO     | ai_service | GET / → 200 (1.4 ms)
2026-03-08T18:57:51 | INFO     | ai_service | GET / → 200 (0.9 ms)
2026-03-08T18:58:20 | INFO     | ai_service | GET / → 200 (2.5 ms)
2026-03-08T18:58:50 | INFO     | ai_service | GET / → 200 (1.7 ms)
2026-03-08T18:59:20 | INFO     | ai_service | GET / → 200 (1.7 ms)
2026-03-08T18:59:50 | INFO     | ai_service | GET / → 200 (1.5 ms)
2026-03-08T19:00:19 | INFO     | ai_service | GET / → 200 (1.4 ms)
2026-03-08T19:00:49 | INFO     | ai_service | GET / → 200 (1.6 ms)
2026-03-08T19:01:18 | INFO     | ai_service | GET / → 200 (1.7 ms)
2026-03-08T19:01:48 | INFO     | ai_service | GET / → 200 (1.0 ms)
2026-03-08T19:02:18 | INFO     | ai_service | GET / → 200 (1.0 ms)
2026-03-08T19:02:47 | INFO     | ai_service | GET / → 200 (0.9 ms)
2026-03-08T19:03:17 | INFO     | ai_service | GET / → 200 (0.9 ms)
2026-03-08T19:03:46 | INFO     | ai_service | GET / → 200 (1.2 ms)
2026-03-08T19:04:16 | INFO     | ai_service | GET / → 200 (1.0 ms)
2026-03-08T19:04:46 | INFO     | ai_service | GET / → 200 (1.1 ms)
2026-03-08T19:05:15 | INFO     | ai_service | GET / → 200 (2.1 ms)
2026-03-08T19:05:45 | INFO     | ai_service | GET / → 200 (1.0 ms)
2026-03-08T19:06:15 | INFO     | ai_service | GET / → 200 (1.0 ms)
2026-03-08T19:06:45 | INFO     | ai_service | GET / → 200 (1.9 ms)
2026-03-08T19:07:14 | INFO     | ai_service | GET / → 200 (1.7 ms)
2026-03-08T19:07:43 | INFO     | ai_service | GET / → 200 (1.1 ms)
2026-03-08T19:08:13 | INFO     | ai_service | GET / → 200 (2.4 ms)
2026-03-08T19:08:42 | INFO     | ai_service | GET / → 200 (1.4 ms)
2026-03-08T19:09:12 | INFO     | ai_service | GET / → 200 (1.9 ms)
2026-03-08T19:09:41 | INFO     | ai_service | GET / → 200 (1.5 ms)
2026-03-08T19:10:11 | INFO     | ai_service | GET / → 200 (1.8 ms)
2026-03-08T19:10:40 | INFO     | ai_service | GET / → 200 (1.1 ms)
2026-03-08T19:11:09 | INFO     | ai_service | GET / → 200 (1.0 ms)
2026-03-08T19:11:39 | INFO     | ai_service | GET / → 200 (1.2 ms)
2026-03-08T19:12:08 | INFO     | ai_service | GET / → 200 (5.3 ms)
2026-03-08T19:12:38 | INFO     | ai_service | GET / → 200 (1.6 ms)
2026-03-08T19:13:07 | INFO     | ai_service | GET / → 200 (1.3 ms)
2026-03-08T19:13:37 | INFO     | ai_service | GET / → 200 (1.5 ms)
2026-03-08T19:14:07 | INFO     | ai_service | GET / → 200 (1.2 ms)
2026-03-08T19:14:36 | INFO     | ai_service | GET / → 200 (0.8 ms)
2026-03-08T19:15:06 | INFO     | ai_service | GET / → 200 (1.5 ms)
2026-03-08T19:15:35 | INFO     | ai_service | GET / → 200 (1.5 ms)
2026-03-08T19:16:04 | INFO     | ai_service | GET / → 200 (1.4 ms)
2026-03-08T19:16:34 | INFO     | ai_service | GET / → 200 (1.0 ms)
2026-03-08T19:17:03 | INFO     | ai_service | GET / → 200 (1.1 ms)
2026-03-08T19:17:32 | INFO     | ai_service | GET / → 200 (1.2 ms)
2026-03-08T19:18:02 | INFO     | ai_service | GET / → 200 (1.0 ms)
2026-03-08T19:18:31 | INFO     | ai_service | GET / → 200 (1.7 ms)
2026-03-08T19:19:01 | INFO     | ai_service | GET / → 200 (7.9 ms)
2026-03-08T19:19:30 | INFO     | ai_service | GET / → 200 (0.6 ms)
2026-03-08T19:19:59 | INFO     | ai_service | GET / → 200 (1.0 ms)
2026-03-08T19:20:29 | INFO     | ai_service | GET / → 200 (0.8 ms)
2026-03-08T19:20:59 | INFO     | ai_service | GET / → 200 (1.0 ms)
2026-03-08T19:21:28 | INFO     | ai_service | GET / → 200 (0.7 ms)
2026-03-08T19:21:58 | INFO     | ai_service | GET / → 200 (0.5 ms)
2026-03-08T19:22:27 | INFO     | ai_service | GET / → 200 (0.7 ms)
2026-03-08T19:22:56 | INFO     | ai_service | GET / → 200 (0.9 ms)
2026-03-08T19:23:26 | INFO     | ai_service | GET / → 200 (0.7 ms)
2026-03-08T19:23:55 | INFO     | ai_service | GET / → 200 (1.1 ms)
2026-03-08T19:24:24 | INFO     | ai_service | GET / → 200 (0.6 ms)
2026-03-08T19:24:54 | INFO     | ai_service | GET / → 200 (0.5 ms)
2026-03-08T19:25:23 | INFO     | ai_service | GET / → 200 (0.6 ms)
2026-03-08T19:25:52 | INFO     | ai_service | GET / → 200 (0.7 ms)
2026-03-08T19:26:22 | INFO     | ai_service | GET / → 200 (0.7 ms)
2026-03-08T19:26:51 | INFO     | ai_service | GET / → 200 (0.6 ms)
2026-03-08T19:27:21 | INFO     | ai_service | GET / → 200 (0.7 ms)
2026-03-08T19:27:50 | INFO     | ai_service | GET / → 200 (0.7 ms)
2026-03-08T19:28:20 | INFO     | ai_service | GET / → 200 (0.6 ms)
2026-03-08T19:28:49 | INFO     | ai_service | GET / → 200 (1.0 ms)
2026-03-08T19:29:18 | INFO     | ai_service | GET / → 200 (1.0 ms)
2026-03-08T19:29:48 | INFO     | ai_service | GET / → 200 (0.7 ms)
2026-03-08T19:30:17 | INFO     | ai_service | GET / → 200 (0.8 ms)
2026-03-08T19:30:46 | INFO     | ai_service | GET / → 200 (0.6 ms)
2026-03-08T19:31:16 | INFO     | ai_service | GET / → 200 (0.9 ms)
2026-03-08T19:31:45 | INFO     | ai_service | GET / → 200 (0.6 ms)
2026-03-08T19:32:14 | INFO     | ai_service | GET / → 200 (1.1 ms)
2026-03-08T19:32:44 | INFO     | ai_service | GET / → 200 (3.4 ms)
2026-03-08T19:33:13 | INFO     | ai_service | GET / → 200 (1.3 ms)
2026-03-08T19:33:42 | INFO     | ai_service | GET / → 200 (0.7 ms)
2026-03-08T19:34:13 | INFO     | ai_service | GET / → 200 (0.8 ms)
2026-03-08T19:34:42 | INFO     | ai_service | GET / → 200 (0.9 ms)
2026-03-08T19:35:11 | INFO     | ai_service | GET / → 200 (0.9 ms)
2026-03-08T19:35:40 | INFO     | ai_service | GET / → 200 (0.7 ms)
2026-03-08T19:36:10 | INFO     | ai_service | GET / → 200 (0.7 ms)
2026-03-08T19:36:39 | INFO     | ai_service | GET / → 200 (1.3 ms)
2026-03-08T19:37:09 | INFO     | ai_service | GET / → 200 (2.8 ms)
2026-03-08T19:37:38 | INFO     | ai_service | GET / → 200 (1.0 ms)
2026-03-08T19:38:07 | INFO     | ai_service | GET / → 200 (0.5 ms)
2026-03-08T19:38:36 | INFO     | ai_service | GET / → 200 (1.7 ms)
2026-03-08T19:39:06 | INFO     | ai_service | GET / → 200 (0.8 ms)
2026-03-08T19:39:35 | INFO     | ai_service | GET / → 200 (1.0 ms)
2026-03-08T19:40:04 | INFO     | ai_service | GET / → 200 (1.0 ms)
2026-03-08T19:40:34 | INFO     | ai_service | GET / → 200 (0.8 ms)
2026-03-08T19:41:04 | INFO     | ai_service | GET / → 200 (0.9 ms)
2026-03-08T19:41:33 | INFO     | ai_service | GET / → 200 (1.0 ms)
2026-03-08T19:42:02 | INFO     | ai_service | GET / → 200 (0.6 ms)
2026-03-08T19:42:32 | INFO     | ai_service | GET / → 200 (10.4 ms)
2026-03-08T19:43:01 | INFO     | ai_service | GET / → 200 (0.9 ms)
2026-03-08T19:43:31 | INFO     | ai_service | GET / → 200 (4.2 ms)
2026-03-08T19:44:00 | INFO     | ai_service | GET / → 200 (1.8 ms)
2026-03-08T19:44:29 | INFO     | ai_service | GET / → 200 (0.6 ms)
2026-03-08T19:44:59 | INFO     | ai_service | GET / → 200 (0.8 ms)
2026-03-08T19:45:28 | INFO     | ai_service | GET / → 200 (0.8 ms)
2026-03-08T19:45:57 | INFO     | ai_service | GET / → 200 (0.6 ms)
2026-03-08T19:46:27 | INFO     | ai_service | GET / → 200 (0.6 ms)
2026-03-08T19:46:56 | INFO     | ai_service | GET / → 200 (0.9 ms)
2026-03-08T19:47:25 | INFO     | ai_service | GET / → 200 (8.2 ms)
2026-03-08T19:47:55 | INFO     | ai_service | GET / → 200 (1.4 ms)
2026-03-08T19:48:25 | INFO     | ai_service | GET / → 200 (6.3 ms)
2026-03-08T19:48:54 | INFO     | ai_service | GET / → 200 (3.3 ms)
2026-03-08T19:49:23 | INFO     | ai_service | GET / → 200 (0.6 ms)
2026-03-08T19:49:53 | INFO     | ai_service | GET / → 200 (0.7 ms)
2026-03-08T19:50:22 | INFO     | ai_service | GET / → 200 (0.8 ms)
2026-03-08T19:50:51 | INFO     | ai_service | GET / → 200 (1.8 ms)
2026-03-08T19:51:21 | INFO     | ai_service | GET / → 200 (0.6 ms)
2026-03-08T19:51:50 | INFO     | ai_service | GET / → 200 (1.0 ms)
2026-03-08T19:52:19 | INFO     | ai_service | GET / → 200 (0.7 ms)
2026-03-08T19:52:49 | INFO     | ai_service | GET / → 200 (1.0 ms)
2026-03-08T19:53:18 | INFO     | ai_service | GET / → 200 (10.4 ms)
2026-03-08T19:53:47 | INFO     | ai_service | GET / → 200 (0.6 ms)
2026-03-08T19:54:17 | INFO     | ai_service | GET / → 200 (0.5 ms)
2026-03-08T19:54:47 | INFO     | ai_service | GET / → 200 (0.6 ms)
2026-03-08T19:55:16 | INFO     | ai_service | GET / → 200 (0.9 ms)
2026-03-08T19:55:46 | INFO     | ai_service | GET / → 200 (0.4 ms)
2026-03-08T19:56:15 | INFO     | ai_service | GET / → 200 (1.0 ms)
2026-03-08T19:56:44 | INFO     | ai_service | GET / → 200 (0.7 ms)
2026-03-08T19:57:14 | INFO     | ai_service | GET / → 200 (0.9 ms)
2026-03-08T19:57:43 | INFO     | ai_service | GET / → 200 (0.8 ms)
2026-03-08T19:58:12 | INFO     | ai_service | GET / → 200 (7.6 ms)
2026-03-08T19:58:42 | INFO     | ai_service | GET / → 200 (0.7 ms)
2026-03-08T19:59:12 | INFO     | ai_service | GET / → 200 (0.8 ms)
2026-03-08T19:59:41 | INFO     | ai_service | GET / → 200 (1.0 ms)
2026-03-08T20:00:10 | INFO     | ai_service | GET / → 200 (0.7 ms)
2026-03-08T20:00:40 | INFO     | ai_service | GET / → 200 (0.9 ms)
2026-03-08T20:01:09 | INFO     | ai_service | GET / → 200 (0.9 ms)
2026-03-08T20:01:39 | INFO     | ai_service | GET / → 200 (0.8 ms)
2026-03-08T20:02:08 | INFO     | ai_service | GET / → 200 (0.7 ms)
2026-03-08T20:02:38 | INFO     | ai_service | GET / → 200 (0.5 ms)
2026-03-08T20:03:07 | INFO     | ai_service | GET / → 200 (1.2 ms)
2026-03-08T20:03:37 | INFO     | ai_service | GET / → 200 (0.6 ms)
2026-03-08T20:04:06 | INFO     | ai_service | GET / → 200 (0.7 ms)
2026-03-08T20:04:35 | INFO     | ai_service | GET / → 200 (0.7 ms)
2026-03-08T20:05:05 | INFO     | ai_service | GET / → 200 (37.0 ms)
2026-03-08T20:05:34 | INFO     | ai_service | GET / → 200 (0.5 ms)
2026-03-08T20:06:04 | INFO     | ai_service | GET / → 200 (0.5 ms)
2026-03-08T20:06:33 | INFO     | ai_service | GET / → 200 (0.7 ms)
2026-03-08T20:07:02 | INFO     | ai_service | GET / → 200 (1.0 ms)
2026-03-08T20:07:32 | INFO     | ai_service | GET / → 200 (0.8 ms)
2026-03-08T20:08:01 | INFO     | ai_service | GET / → 200 (0.7 ms)
2026-03-08T20:08:31 | INFO     | ai_service | GET / → 200 (0.8 ms)
2026-03-08T20:09:01 | INFO     | ai_service | GET / → 200 (0.6 ms)
2026-03-08T20:09:30 | INFO     | ai_service | GET / → 200 (1.2 ms)
2026-03-08T20:09:59 | INFO     | ai_service | GET / → 200 (0.6 ms)
2026-03-08T20:10:29 | INFO     | ai_service | GET / → 200 (0.6 ms)
2026-03-08T20:10:58 | INFO     | ai_service | GET / → 200 (0.6 ms)
2026-03-08T20:11:27 | INFO     | ai_service | GET / → 200 (0.6 ms)
2026-03-08T20:11:57 | INFO     | ai_service | GET / → 200 (0.8 ms)
2026-03-08T20:12:26 | INFO     | ai_service | GET / → 200 (0.8 ms)
2026-03-08T20:12:56 | INFO     | ai_service | GET / → 200 (0.7 ms)
2026-03-08T20:13:25 | INFO     | ai_service | GET / → 200 (0.9 ms)
2026-03-08T20:13:54 | INFO     | ai_service | GET / → 200 (0.9 ms)
2026-03-08T20:14:24 | INFO     | ai_service | GET / → 200 (0.5 ms)
2026-03-08T20:14:53 | INFO     | ai_service | GET / → 200 (0.8 ms)
2026-03-08T20:15:22 | INFO     | ai_service | GET / → 200 (0.5 ms)
2026-03-08T20:15:52 | INFO     | ai_service | GET / → 200 (0.7 ms)
2026-03-08T20:16:22 | INFO     | ai_service | GET / → 200 (0.8 ms)
2026-03-08T20:16:51 | INFO     | ai_service | GET / → 200 (0.9 ms)
2026-03-08T20:17:21 | INFO     | ai_service | GET / → 200 (0.6 ms)
2026-03-08T20:17:50 | INFO     | ai_service | GET / → 200 (0.7 ms)
2026-03-08T20:18:19 | INFO     | ai_service | GET / → 200 (1.1 ms)
2026-03-08T20:18:49 | INFO     | ai_service | GET / → 200 (0.8 ms)
2026-03-08T20:19:18 | INFO     | ai_service | GET / → 200 (0.9 ms)
2026-03-08T20:19:47 | INFO     | ai_service | GET / → 200 (0.6 ms)
2026-03-08T20:20:17 | INFO     | ai_service | GET / → 200 (2.4 ms)
2026-03-08T20:20:46 | INFO     | ai_service | GET / → 200 (12.2 ms)
2026-03-08T20:21:16 | INFO     | ai_service | GET / → 200 (0.6 ms)
2026-03-08T20:21:45 | INFO     | ai_service | GET / → 200 (0.6 ms)
2026-03-08T20:22:14 | INFO     | ai_service | GET / → 200 (2.2 ms)
2026-03-08T20:22:44 | INFO     | ai_service | GET / → 200 (0.8 ms)
2026-03-08T20:23:14 | INFO     | ai_service | GET / → 200 (0.6 ms)
2026-03-08T20:23:43 | INFO     | ai_service | GET / → 200 (0.6 ms)
2026-03-08T20:24:13 | INFO     | ai_service | GET / → 200 (0.6 ms)
2026-03-08T20:24:42 | INFO     | ai_service | GET / → 200 (0.9 ms)
2026-03-08T20:25:11 | INFO     | ai_service | GET / → 200 (0.6 ms)
2026-03-08T20:25:41 | INFO     | ai_service | GET / → 200 (1.2 ms)
2026-03-08T20:26:10 | INFO     | ai_service | GET / → 200 (1.1 ms)
2026-03-08T20:26:39 | INFO     | ai_service | GET / → 200 (0.6 ms)
2026-03-08T20:27:09 | INFO     | ai_service | GET / → 200 (1.0 ms)
2026-03-08T20:27:38 | INFO     | ai_service | GET / → 200 (7.0 ms)
2026-03-08T20:28:08 | INFO     | ai_service | GET / → 200 (0.5 ms)
2026-03-08T20:28:37 | INFO     | ai_service | GET / → 200 (0.8 ms)
2026-03-08T20:29:06 | INFO     | ai_service | GET / → 200 (0.9 ms)
2026-03-08T20:29:37 | INFO     | ai_service | GET / → 200 (0.6 ms)
2026-03-08T20:30:06 | INFO     | ai_service | GET / → 200 (0.9 ms)
2026-03-08T20:30:35 | INFO     | ai_service | GET / → 200 (0.7 ms)
2026-03-08T20:31:05 | INFO     | ai_service | GET / → 200 (0.8 ms)
2026-03-08T20:31:34 | INFO     | ai_service | GET / → 200 (1.0 ms)
2026-03-08T20:32:04 | INFO     | ai_service | GET / → 200 (4.6 ms)
2026-03-08T20:32:33 | INFO     | ai_service | GET / → 200 (0.6 ms)
2026-03-08T20:33:02 | INFO     | ai_service | GET / → 200 (0.8 ms)
2026-03-08T20:33:32 | INFO     | ai_service | GET / → 200 (0.9 ms)
2026-03-08T20:34:01 | INFO     | ai_service | GET / → 200 (0.9 ms)
2026-03-08T20:34:31 | INFO     | ai_service | GET / → 200 (0.7 ms)
2026-03-08T20:35:00 | INFO     | ai_service | GET / → 200 (0.9 ms)
2026-03-08T20:35:29 | INFO     | ai_service | GET / → 200 (0.7 ms)
2026-03-08T20:35:59 | INFO     | ai_service | GET / → 200 (1.0 ms)
2026-03-08T20:36:29 | INFO     | ai_service | GET / → 200 (8.9 ms)
2026-03-08T20:36:58 | INFO     | ai_service | GET / → 200 (0.8 ms)
2026-03-08T20:37:28 | INFO     | ai_service | GET / → 200 (1.2 ms)
2026-03-08T20:37:57 | INFO     | ai_service | GET / → 200 (0.9 ms)
2026-03-08T20:38:26 | INFO     | ai_service | GET / → 200 (0.9 ms)
2026-03-08T20:38:56 | INFO     | ai_service | GET / → 200 (0.9 ms)
2026-03-08T20:39:25 | INFO     | ai_service | GET / → 200 (0.8 ms)
2026-03-08T20:39:55 | INFO     | ai_service | GET / → 200 (0.8 ms)
2026-03-08T20:40:24 | INFO     | ai_service | GET / → 200 (0.6 ms)
2026-03-08T20:40:53 | INFO     | ai_service | GET / → 200 (0.8 ms)
2026-03-08T20:41:23 | INFO     | ai_service | GET / → 200 (0.7 ms)
2026-03-08T20:41:52 | INFO     | ai_service | GET / → 200 (0.6 ms)
2026-03-08T20:42:22 | INFO     | ai_service | GET / → 200 (0.8 ms)
2026-03-08T20:42:51 | INFO     | ai_service | GET / → 200 (0.8 ms)
2026-03-08T20:43:20 | INFO     | ai_service | GET / → 200 (1.7 ms)
2026-03-08T20:43:50 | INFO     | ai_service | GET / → 200 (0.7 ms)
2026-03-08T20:44:20 | INFO     | ai_service | GET / → 200 (1.4 ms)
2026-03-08T20:44:49 | INFO     | ai_service | GET / → 200 (0.9 ms)
2026-03-08T20:45:19 | INFO     | ai_service | GET / → 200 (0.8 ms)
2026-03-08T20:45:48 | INFO     | ai_service | GET / → 200 (1.7 ms)
2026-03-08T20:46:18 | INFO     | ai_service | GET / → 200 (1.0 ms)
2026-03-08T20:46:47 | INFO     | ai_service | GET / → 200 (1.2 ms)
2026-03-08T20:47:16 | INFO     | ai_service | GET / → 200 (1.2 ms)
2026-03-08T20:47:46 | INFO     | ai_service | GET / → 200 (0.6 ms)
2026-03-08T20:48:15 | INFO     | ai_service | GET / → 200 (0.7 ms)
2026-03-08T20:48:45 | INFO     | ai_service | GET / → 200 (0.9 ms)
2026-03-08T20:49:14 | INFO     | ai_service | GET / → 200 (0.5 ms)
2026-03-08T20:49:43 | INFO     | ai_service | GET / → 200 (0.8 ms)
2026-03-08T20:50:13 | INFO     | ai_service | GET / → 200 (0.6 ms)
2026-03-08T20:50:43 | INFO     | ai_service | GET / → 200 (0.5 ms)
2026-03-08T20:51:12 | INFO     | ai_service | GET / → 200 (1.0 ms)
2026-03-08T20:51:42 | INFO     | ai_service | GET / → 200 (1.1 ms)
2026-03-08T20:52:11 | INFO     | ai_service | GET / → 200 (33.7 ms)
2026-03-08T20:52:40 | INFO     | ai_service | GET / → 200 (2.0 ms)
2026-03-08T20:53:10 | INFO     | ai_service | GET / → 200 (0.6 ms)
2026-03-08T20:53:39 | INFO     | ai_service | GET / → 200 (1.4 ms)
2026-03-08T20:54:08 | INFO     | ai_service | GET / → 200 (0.9 ms)
2026-03-08T20:54:38 | INFO     | ai_service | GET / → 200 (1.1 ms)
2026-03-08T20:55:07 | INFO     | ai_service | GET / → 200 (1.1 ms)
2026-03-08T20:55:37 | INFO     | ai_service | GET / → 200 (0.9 ms)
2026-03-08T20:56:06 | INFO     | ai_service | GET / → 200 (0.8 ms)
2026-03-08T20:56:35 | INFO     | ai_service | GET / → 200 (0.9 ms)
2026-03-08T20:57:05 | INFO     | ai_service | GET / → 200 (1.0 ms)
2026-03-08T20:57:35 | INFO     | ai_service | GET / → 200 (0.9 ms)
2026-03-08T20:58:04 | INFO     | ai_service | GET / → 200 (1.0 ms)
2026-03-08T20:58:34 | INFO     | ai_service | GET / → 200 (1.3 ms)
2026-03-08T20:59:03 | INFO     | ai_service | GET / → 200 (0.9 ms)
2026-03-08T20:59:32 | INFO     | ai_service | GET / → 200 (1.1 ms)
2026-03-08T21:00:02 | INFO     | ai_service | GET / → 200 (1.1 ms)
2026-03-08T21:00:31 | INFO     | ai_service | GET / → 200 (1.4 ms)
2026-03-08T21:01:01 | INFO     | ai_service | GET / → 200 (1.1 ms)
2026-03-08T21:01:30 | INFO     | ai_service | GET / → 200 (1.5 ms)
2026-03-08T21:02:00 | INFO     | ai_service | GET / → 200 (1.0 ms)
2026-03-08T21:02:29 | INFO     | ai_service | GET / → 200 (2.8 ms)
2026-03-08T21:02:58 | INFO     | ai_service | GET / → 200 (0.7 ms)
2026-03-08T21:03:28 | INFO     | ai_service | GET / → 200 (103.0 ms)
2026-03-08T21:03:58 | INFO     | ai_service | GET / → 200 (1.2 ms)
2026-03-08T21:04:28 | INFO     | ai_service | GET / → 200 (1.2 ms)
2026-03-08T21:04:57 | INFO     | ai_service | GET / → 200 (1.4 ms)
2026-03-08T21:05:26 | INFO     | ai_service | GET / → 200 (1.4 ms)
2026-03-08T21:05:56 | INFO     | ai_service | GET / → 200 (0.9 ms)
2026-03-08T21:06:25 | INFO     | ai_service | GET / → 200 (0.9 ms)
2026-03-08T21:06:55 | INFO     | ai_service | GET / → 200 (1.0 ms)
2026-03-08T21:07:24 | INFO     | ai_service | GET / → 200 (3.1 ms)
2026-03-08T21:07:54 | INFO     | ai_service | GET / → 200 (1.1 ms)
2026-03-08T21:08:23 | INFO     | ai_service | GET / → 200 (1.2 ms)
2026-03-08T21:08:53 | INFO     | ai_service | GET / → 200 (1.0 ms)
2026-03-08T21:09:22 | INFO     | ai_service | GET / → 200 (1.0 ms)
2026-03-08T21:09:51 | INFO     | ai_service | GET / → 200 (0.9 ms)
2026-03-08T21:10:21 | INFO     | ai_service | GET / → 200 (1.1 ms)
2026-03-08T21:10:51 | INFO     | ai_service | GET / → 200 (1.1 ms)
2026-03-08T21:11:21 | INFO     | ai_service | GET / → 200 (1.7 ms)
2026-03-08T21:11:50 | INFO     | ai_service | GET / → 200 (1.1 ms)
2026-03-08T21:12:19 | INFO     | ai_service | GET / → 200 (0.9 ms)
2026-03-08T21:12:49 | INFO     | ai_service | GET / → 200 (0.9 ms)
2026-03-08T21:13:18 | INFO     | ai_service | GET / → 200 (15.6 ms)
2026-03-08T21:13:48 | INFO     | ai_service | GET / → 200 (1.6 ms)
2026-03-08T21:14:17 | INFO     | ai_service | GET / → 200 (1.3 ms)
2026-03-08T21:14:46 | INFO     | ai_service | GET / → 200 (1.1 ms)
2026-03-08T21:15:16 | INFO     | ai_service | GET / → 200 (0.8 ms)
2026-03-08T21:15:45 | INFO     | ai_service | GET / → 200 (1.3 ms)
2026-03-08T21:16:15 | INFO     | ai_service | GET / → 200 (1.1 ms)
2026-03-08T21:16:44 | INFO     | ai_service | GET / → 200 (1.2 ms)
2026-03-08T21:17:14 | INFO     | ai_service | GET / → 200 (0.8 ms)
2026-03-08T21:17:44 | INFO     | ai_service | GET / → 200 (0.9 ms)
2026-03-08T21:18:13 | INFO     | ai_service | GET / → 200 (0.8 ms)
2026-03-08T21:18:43 | INFO     | ai_service | GET / → 200 (1.1 ms)
2026-03-08T21:19:12 | INFO     | ai_service | GET / → 200 (1.2 ms)
2026-03-08T21:19:42 | INFO     | ai_service | GET / → 200 (1.2 ms)
2026-03-08T21:20:11 | INFO     | ai_service | GET / → 200 (1.0 ms)
2026-03-08T21:20:40 | INFO     | ai_service | GET / → 200 (1.0 ms)
2026-03-08T21:21:10 | INFO     | ai_service | GET / → 200 (1.2 ms)
2026-03-08T21:21:39 | INFO     | ai_service | GET / → 200 (0.9 ms)
2026-03-08T21:22:09 | INFO     | ai_service | GET / → 200 (1.0 ms)
2026-03-08T21:22:38 | INFO     | ai_service | GET / → 200 (1.1 ms)
2026-03-08T21:23:08 | INFO     | ai_service | GET / → 200 (2.4 ms)
2026-03-08T21:23:37 | INFO     | ai_service | GET / → 200 (1.0 ms)
2026-03-08T21:24:07 | INFO     | ai_service | GET / → 200 (1.1 ms)
2026-03-08T21:24:37 | INFO     | ai_service | GET / → 200 (0.9 ms)
2026-03-08T21:25:06 | INFO     | ai_service | GET / → 200 (1.0 ms)
2026-03-08T21:25:36 | INFO     | ai_service | GET / → 200 (1.1 ms)
2026-03-08T21:26:05 | INFO     | ai_service | GET / → 200 (0.7 ms)
2026-03-08T21:26:35 | INFO     | ai_service | GET / → 200 (1.0 ms)
2026-03-08T21:27:04 | INFO     | ai_service | GET / → 200 (1.2 ms)
2026-03-08T21:27:34 | INFO     | ai_service | GET / → 200 (0.8 ms)
2026-03-08T21:28:03 | INFO     | ai_service | GET / → 200 (2.2 ms)
2026-03-08T21:28:33 | INFO     | ai_service | GET / → 200 (1.1 ms)
2026-03-08T21:29:02 | INFO     | ai_service | GET / → 200 (1.1 ms)
2026-03-08T21:29:32 | INFO     | ai_service | GET / → 200 (2.3 ms)
2026-03-08T21:30:01 | INFO     | ai_service | GET / → 200 (1.0 ms)
2026-03-08T21:30:31 | INFO     | ai_service | GET / → 200 (1.5 ms)
2026-03-08T21:31:00 | INFO     | ai_service | GET / → 200 (0.9 ms)
2026-03-08T21:31:30 | INFO     | ai_service | GET / → 200 (1.6 ms)
2026-03-08T21:32:00 | INFO     | ai_service | GET / → 200 (2.3 ms)
2026-03-08T21:32:29 | INFO     | ai_service | GET / → 200 (1.2 ms)
2026-03-08T21:32:59 | INFO     | ai_service | GET / → 200 (1.4 ms)
2026-03-08T21:33:28 | INFO     | ai_service | GET / → 200 (5.8 ms)
2026-03-08T21:33:58 | INFO     | ai_service | GET / → 200 (1.1 ms)
2026-03-08T21:34:27 | INFO     | ai_service | GET / → 200 (1.2 ms)
2026-03-08T21:34:56 | INFO     | ai_service | GET / → 200 (0.9 ms)
2026-03-08T21:35:26 | INFO     | ai_service | GET / → 200 (1.1 ms)
2026-03-08T21:35:55 | INFO     | ai_service | GET / → 200 (2.0 ms)
2026-03-08T21:36:25 | INFO     | ai_service | GET / → 200 (1.5 ms)
2026-03-08T21:36:55 | INFO     | ai_service | GET / → 200 (4.0 ms)
2026-03-08T21:37:24 | INFO     | ai_service | GET / → 200 (0.9 ms)
2026-03-08T21:37:54 | INFO     | ai_service | GET / → 200 (1.5 ms)
2026-03-08T21:38:24 | INFO     | ai_service | GET / → 200 (1.0 ms)
2026-03-08T21:38:53 | INFO     | ai_service | GET / → 200 (1.4 ms)
2026-03-08T21:39:23 | INFO     | ai_service | GET / → 200 (1.2 ms)
2026-03-08T21:39:52 | INFO     | ai_service | GET / → 200 (1.0 ms)
2026-03-08T21:40:22 | INFO     | ai_service | GET / → 200 (1.4 ms)
2026-03-08T21:40:51 | INFO     | ai_service | GET / → 200 (1.5 ms)
2026-03-08T21:41:21 | INFO     | ai_service | GET / → 200 (1.2 ms)
2026-03-08T21:41:50 | INFO     | ai_service | GET / → 200 (1.5 ms)
2026-03-08T21:42:20 | INFO     | ai_service | GET / → 200 (0.8 ms)
2026-03-08T21:42:49 | INFO     | ai_service | GET / → 200 (1.0 ms)
2026-03-08T21:43:19 | INFO     | ai_service | GET / → 200 (1.3 ms)
2026-03-08T21:43:48 | INFO     | ai_service | GET / → 200 (1.1 ms)
2026-03-08T21:44:18 | INFO     | ai_service | GET / → 200 (1.3 ms)
2026-03-08T21:44:47 | INFO     | ai_service | GET / → 200 (1.1 ms)
2026-03-08T21:45:18 | INFO     | ai_service | GET / → 200 (1.2 ms)
2026-03-08T21:45:47 | INFO     | ai_service | GET / → 200 (0.8 ms)
2026-03-08T21:46:17 | INFO     | ai_service | GET / → 200 (1.1 ms)
2026-03-08T21:46:46 | INFO     | ai_service | GET / → 200 (1.0 ms)
2026-03-08T21:47:16 | INFO     | ai_service | GET / → 200 (1.7 ms)
2026-03-08T21:47:45 | INFO     | ai_service | GET / → 200 (0.7 ms)
2026-03-08T21:48:15 | INFO     | ai_service | GET / → 200 (0.9 ms)
2026-03-08T21:48:45 | INFO     | ai_service | GET / → 200 (0.8 ms)
2026-03-08T21:49:15 | INFO     | ai_service | GET / → 200 (1.2 ms)
2026-03-08T21:49:45 | INFO     | ai_service | GET / → 200 (0.9 ms)
2026-03-08T21:50:15 | INFO     | ai_service | GET / → 200 (0.9 ms)
2026-03-08T21:50:45 | INFO     | ai_service | GET / → 200 (1.1 ms)
2026-03-08T21:51:15 | INFO     | ai_service | GET / → 200 (1.1 ms)
2026-03-08T21:51:46 | INFO     | ai_service | GET / → 200 (1.0 ms)
2026-03-08T21:52:16 | INFO     | ai_service | GET / → 200 (1.0 ms)
2026-03-08T21:52:46 | INFO     | ai_service | GET / → 200 (0.9 ms)
2026-03-08T21:53:15 | INFO     | ai_service | GET / → 200 (1.1 ms)
2026-03-08T21:53:46 | INFO     | ai_service | GET / → 200 (0.8 ms)
2026-03-08T21:54:16 | INFO     | ai_service | GET / → 200 (0.7 ms)
2026-03-08T21:54:46 | INFO     | ai_service | GET / → 200 (0.9 ms)
2026-03-08T21:55:16 | INFO     | ai_service | GET / → 200 (1.8 ms)
2026-03-08T21:55:46 | INFO     | ai_service | GET / → 200 (0.9 ms)
2026-03-08T21:56:16 | INFO     | ai_service | GET / → 200 (0.7 ms)
2026-03-08T21:56:46 | INFO     | ai_service | GET / → 200 (0.8 ms)
2026-03-08T21:57:16 | INFO     | ai_service | GET / → 200 (1.2 ms)
2026-03-08T21:57:45 | INFO     | ai_service | GET / → 200 (0.9 ms)
2026-03-08T21:58:16 | INFO     | ai_service | GET / → 200 (0.9 ms)
2026-03-08T21:58:45 | INFO     | ai_service | GET / → 200 (1.2 ms)
2026-03-08T21:59:15 | INFO     | ai_service | GET / → 200 (0.9 ms)
2026-03-08T21:59:45 | INFO     | ai_service | GET / → 200 (0.5 ms)
2026-03-08T22:00:14 | INFO     | ai_service | GET / → 200 (0.8 ms)
2026-03-08T22:00:44 | INFO     | ai_service | GET / → 200 (1.8 ms)
2026-03-08T22:01:14 | INFO     | ai_service | GET / → 200 (0.7 ms)
2026-03-08T22:01:44 | INFO     | ai_service | GET / → 200 (0.8 ms)
2026-03-08T22:02:14 | INFO     | ai_service | GET / → 200 (0.4 ms)
2026-03-08T22:02:44 | INFO     | ai_service | GET / → 200 (0.9 ms)
2026-03-08T22:03:14 | INFO     | ai_service | GET / → 200 (0.6 ms)
2026-03-08T22:03:44 | INFO     | ai_service | GET / → 200 (0.9 ms)
2026-03-08T22:04:14 | INFO     | ai_service | GET / → 200 (1.2 ms)
2026-03-08T22:04:45 | INFO     | ai_service | GET / → 200 (0.7 ms)
2026-03-08T22:05:15 | INFO     | ai_service | GET / → 200 (0.9 ms)
2026-03-08T22:05:45 | INFO     | ai_service | GET / → 200 (0.5 ms)
2026-03-08T22:06:15 | INFO     | ai_service | GET / → 200 (0.6 ms)
2026-03-08T22:06:45 | INFO     | ai_service | GET / → 200 (0.8 ms)
2026-03-08T22:07:15 | INFO     | ai_service | GET / → 200 (0.8 ms)
2026-03-08T22:07:45 | INFO     | ai_service | GET / → 200 (0.8 ms)
2026-03-08T22:08:15 | INFO     | ai_service | GET / → 200 (0.7 ms)
2026-03-08T22:08:45 | INFO     | ai_service | GET / → 200 (0.7 ms)
2026-03-08T22:09:15 | INFO     | ai_service | GET / → 200 (0.7 ms)
2026-03-08T22:09:45 | INFO     | ai_service | GET / → 200 (0.9 ms)
2026-03-08T22:10:16 | INFO     | ai_service | GET / → 200 (0.7 ms)
2026-03-08T22:10:46 | INFO     | ai_service | GET / → 200 (0.8 ms)
2026-03-08T22:11:16 | INFO     | ai_service | GET / → 200 (0.7 ms)
2026-03-08T22:11:46 | INFO     | ai_service | GET / → 200 (0.8 ms)
2026-03-08T22:12:16 | INFO     | ai_service | GET / → 200 (0.5 ms)
2026-03-08T22:12:46 | INFO     | ai_service | GET / → 200 (1.0 ms)
2026-03-08T22:13:16 | INFO     | ai_service | GET / → 200 (0.7 ms)
2026-03-08T22:13:46 | INFO     | ai_service | GET / → 200 (10.1 ms)
2026-03-08T22:14:16 | INFO     | ai_service | GET / → 200 (0.7 ms)
2026-03-08T22:14:46 | INFO     | ai_service | GET / → 200 (0.6 ms)
2026-03-08T22:15:17 | INFO     | ai_service | GET / → 200 (0.7 ms)
2026-03-08T22:15:47 | INFO     | ai_service | GET / → 200 (0.9 ms)
2026-03-08T22:16:17 | INFO     | ai_service | GET / → 200 (0.7 ms)
2026-03-08T22:16:47 | INFO     | ai_service | GET / → 200 (0.6 ms)
2026-03-08T22:17:17 | INFO     | ai_service | GET / → 200 (4.7 ms)
2026-03-08T22:17:47 | INFO     | ai_service | GET / → 200 (1.7 ms)
2026-03-08T22:18:17 | INFO     | ai_service | GET / → 200 (0.7 ms)
2026-03-08T22:18:47 | INFO     | ai_service | GET / → 200 (0.5 ms)
2026-03-08T22:19:17 | INFO     | ai_service | GET / → 200 (0.7 ms)
2026-03-08T22:19:47 | INFO     | ai_service | GET / → 200 (0.7 ms)
2026-03-08T22:20:17 | INFO     | ai_service | GET / → 200 (1.1 ms)
2026-03-08T22:20:48 | INFO     | ai_service | GET / → 200 (1.1 ms)
2026-03-08T22:21:18 | INFO     | ai_service | GET / → 200 (0.6 ms)
2026-03-08T22:21:48 | INFO     | ai_service | GET / → 200 (0.5 ms)
2026-03-08T22:22:18 | INFO     | ai_service | GET / → 200 (0.6 ms)
2026-03-08T22:22:48 | INFO     | ai_service | GET / → 200 (0.6 ms)
2026-03-08T22:23:18 | INFO     | ai_service | GET / → 200 (0.9 ms)
2026-03-08T22:23:48 | INFO     | ai_service | GET / → 200 (0.8 ms)
2026-03-08T22:24:18 | INFO     | ai_service | GET / → 200 (0.8 ms)
2026-03-08T22:24:48 | INFO     | ai_service | GET / → 200 (0.8 ms)
2026-03-08T22:25:18 | INFO     | ai_service | GET / → 200 (0.5 ms)
2026-03-08T22:25:49 | INFO     | ai_service | GET / → 200 (0.9 ms)
2026-03-08T22:26:19 | INFO     | ai_service | GET / → 200 (0.6 ms)
2026-03-08T22:26:49 | INFO     | ai_service | GET / → 200 (0.8 ms)
2026-03-08T22:27:19 | INFO     | ai_service | GET / → 200 (0.8 ms)
2026-03-08T22:27:49 | INFO     | ai_service | GET / → 200 (0.8 ms)
2026-03-08T22:28:19 | INFO     | ai_service | GET / → 200 (0.5 ms)
2026-03-08T22:28:49 | INFO     | ai_service | GET / → 200 (0.7 ms)
2026-03-08T22:29:19 | INFO     | ai_service | GET / → 200 (0.6 ms)
2026-03-08T22:29:49 | INFO     | ai_service | GET / → 200 (0.8 ms)
2026-03-08T22:30:19 | INFO     | ai_service | GET / → 200 (0.6 ms)
2026-03-08T22:30:49 | INFO     | ai_service | GET / → 200 (0.7 ms)
2026-03-08T22:31:20 | INFO     | ai_service | GET / → 200 (0.6 ms)
2026-03-08T22:31:50 | INFO     | ai_service | GET / → 200 (0.6 ms)
2026-03-08T22:32:20 | INFO     | ai_service | GET / → 200 (0.5 ms)
2026-03-08T22:32:50 | INFO     | ai_service | GET / → 200 (0.7 ms)
2026-03-08T22:33:20 | INFO     | ai_service | GET / → 200 (0.8 ms)
2026-03-08T22:33:50 | INFO     | ai_service | GET / → 200 (0.7 ms)
2026-03-08T22:34:20 | INFO     | ai_service | GET / → 200 (1.3 ms)
2026-03-08T22:34:50 | INFO     | ai_service | GET / → 200 (0.7 ms)
